Using a slow image processor as `use_fast` is unset and a slow processor was saved with this model. `use_fast=True` will be the default behavior in v4.52, even if the model was saved with a slow processor. This will result in minor differences in outputs. You'll still be able to use a slow processor with `use_fast=False`.
`torch_dtype` is deprecated! Use `dtype` instead!
[setup] Loading NVILA-8B-HD-Video (4-bit NF4)...
AutoGaze loaded successfully in processor
Loading checkpoint shards:   0%|          | 0/4 [00:00<?, ?it/s]Loading checkpoint shards:  25%|██▌       | 1/4 [00:04<00:13,  4.44s/it]Loading checkpoint shards:  50%|█████     | 2/4 [00:10<00:11,  5.59s/it]Loading checkpoint shards:  75%|███████▌  | 3/4 [00:17<00:05,  5.95s/it]Loading checkpoint shards: 100%|██████████| 4/4 [00:17<00:00,  3.70s/it]Loading checkpoint shards: 100%|██████████| 4/4 [00:17<00:00,  4.37s/it]
Setting `pad_token_id` to `eos_token_id`:151645 for open-end generation.
Setting `pad_token_id` to `eos_token_id`:151645 for open-end generation.
Setting `pad_token_id` to `eos_token_id`:151645 for open-end generation.
Setting `pad_token_id` to `eos_token_id`:151645 for open-end generation.
Setting `pad_token_id` to `eos_token_id`:151645 for open-end generation.
Setting `pad_token_id` to `eos_token_id`:151645 for open-end generation.
Setting `pad_token_id` to `eos_token_id`:151645 for open-end generation.
Setting `pad_token_id` to `eos_token_id`:151645 for open-end generation.
Setting `pad_token_id` to `eos_token_id`:151645 for open-end generation.
Setting `pad_token_id` to `eos_token_id`:151645 for open-end generation.
Setting `pad_token_id` to `eos_token_id`:151645 for open-end generation.
Setting `pad_token_id` to `eos_token_id`:151645 for open-end generation.
Setting `pad_token_id` to `eos_token_id`:151645 for open-end generation.
Setting `pad_token_id` to `eos_token_id`:151645 for open-end generation.
Setting `pad_token_id` to `eos_token_id`:151645 for open-end generation.
Setting `pad_token_id` to `eos_token_id`:151645 for open-end generation.
Setting `pad_token_id` to `eos_token_id`:151645 for open-end generation.
Setting `pad_token_id` to `eos_token_id`:151645 for open-end generation.
Setting `pad_token_id` to `eos_token_id`:151645 for open-end generation.
Setting `pad_token_id` to `eos_token_id`:151645 for open-end generation.
Setting `pad_token_id` to `eos_token_id`:151645 for open-end generation.
Setting `pad_token_id` to `eos_token_id`:151645 for open-end generation.
Setting `pad_token_id` to `eos_token_id`:151645 for open-end generation.
Setting `pad_token_id` to `eos_token_id`:151645 for open-end generation.
Setting `pad_token_id` to `eos_token_id`:151645 for open-end generation.
Setting `pad_token_id` to `eos_token_id`:151645 for open-end generation.
Setting `pad_token_id` to `eos_token_id`:151645 for open-end generation.
Setting `pad_token_id` to `eos_token_id`:151645 for open-end generation.
Setting `pad_token_id` to `eos_token_id`:151645 for open-end generation.
Setting `pad_token_id` to `eos_token_id`:151645 for open-end generation.
Setting `pad_token_id` to `eos_token_id`:151645 for open-end generation.
Setting `pad_token_id` to `eos_token_id`:151645 for open-end generation.
Setting `pad_token_id` to `eos_token_id`:151645 for open-end generation.
Setting `pad_token_id` to `eos_token_id`:151645 for open-end generation.
Setting `pad_token_id` to `eos_token_id`:151645 for open-end generation.
Setting `pad_token_id` to `eos_token_id`:151645 for open-end generation.
Setting `pad_token_id` to `eos_token_id`:151645 for open-end generation.
Setting `pad_token_id` to `eos_token_id`:151645 for open-end generation.
Setting `pad_token_id` to `eos_token_id`:151645 for open-end generation.
Setting `pad_token_id` to `eos_token_id`:151645 for open-end generation.
Setting `pad_token_id` to `eos_token_id`:151645 for open-end generation.
Setting `pad_token_id` to `eos_token_id`:151645 for open-end generation.
Setting `pad_token_id` to `eos_token_id`:151645 for open-end generation.
Setting `pad_token_id` to `eos_token_id`:151645 for open-end generation.
Setting `pad_token_id` to `eos_token_id`:151645 for open-end generation.
Setting `pad_token_id` to `eos_token_id`:151645 for open-end generation.
Setting `pad_token_id` to `eos_token_id`:151645 for open-end generation.
Setting `pad_token_id` to `eos_token_id`:151645 for open-end generation.
Setting `pad_token_id` to `eos_token_id`:151645 for open-end generation.
Setting `pad_token_id` to `eos_token_id`:151645 for open-end generation.
Setting `pad_token_id` to `eos_token_id`:151645 for open-end generation.
Setting `pad_token_id` to `eos_token_id`:151645 for open-end generation.
Setting `pad_token_id` to `eos_token_id`:151645 for open-end generation.
Setting `pad_token_id` to `eos_token_id`:151645 for open-end generation.
Setting `pad_token_id` to `eos_token_id`:151645 for open-end generation.
Setting `pad_token_id` to `eos_token_id`:151645 for open-end generation.
Setting `pad_token_id` to `eos_token_id`:151645 for open-end generation.
Setting `pad_token_id` to `eos_token_id`:151645 for open-end generation.
Setting `pad_token_id` to `eos_token_id`:151645 for open-end generation.
Setting `pad_token_id` to `eos_token_id`:151645 for open-end generation.
Setting `pad_token_id` to `eos_token_id`:151645 for open-end generation.
Setting `pad_token_id` to `eos_token_id`:151645 for open-end generation.
Setting `pad_token_id` to `eos_token_id`:151645 for open-end generation.
Setting `pad_token_id` to `eos_token_id`:151645 for open-end generation.
Setting `pad_token_id` to `eos_token_id`:151645 for open-end generation.
Setting `pad_token_id` to `eos_token_id`:151645 for open-end generation.
Setting `pad_token_id` to `eos_token_id`:151645 for open-end generation.
Setting `pad_token_id` to `eos_token_id`:151645 for open-end generation.
Setting `pad_token_id` to `eos_token_id`:151645 for open-end generation.
Setting `pad_token_id` to `eos_token_id`:151645 for open-end generation.
Setting `pad_token_id` to `eos_token_id`:151645 for open-end generation.
Setting `pad_token_id` to `eos_token_id`:151645 for open-end generation.
Setting `pad_token_id` to `eos_token_id`:151645 for open-end generation.
Setting `pad_token_id` to `eos_token_id`:151645 for open-end generation.
Setting `pad_token_id` to `eos_token_id`:151645 for open-end generation.
Setting `pad_token_id` to `eos_token_id`:151645 for open-end generation.
Setting `pad_token_id` to `eos_token_id`:151645 for open-end generation.
Setting `pad_token_id` to `eos_token_id`:151645 for open-end generation.
Setting `pad_token_id` to `eos_token_id`:151645 for open-end generation.
Setting `pad_token_id` to `eos_token_id`:151645 for open-end generation.
Setting `pad_token_id` to `eos_token_id`:151645 for open-end generation.
Setting `pad_token_id` to `eos_token_id`:151645 for open-end generation.
Setting `pad_token_id` to `eos_token_id`:151645 for open-end generation.
Setting `pad_token_id` to `eos_token_id`:151645 for open-end generation.
Setting `pad_token_id` to `eos_token_id`:151645 for open-end generation.
Setting `pad_token_id` to `eos_token_id`:151645 for open-end generation.
Setting `pad_token_id` to `eos_token_id`:151645 for open-end generation.
Setting `pad_token_id` to `eos_token_id`:151645 for open-end generation.
Setting `pad_token_id` to `eos_token_id`:151645 for open-end generation.
Setting `pad_token_id` to `eos_token_id`:151645 for open-end generation.
Setting `pad_token_id` to `eos_token_id`:151645 for open-end generation.
Setting `pad_token_id` to `eos_token_id`:151645 for open-end generation.
Setting `pad_token_id` to `eos_token_id`:151645 for open-end generation.
Setting `pad_token_id` to `eos_token_id`:151645 for open-end generation.
Setting `pad_token_id` to `eos_token_id`:151645 for open-end generation.
Setting `pad_token_id` to `eos_token_id`:151645 for open-end generation.
Setting `pad_token_id` to `eos_token_id`:151645 for open-end generation.
Setting `pad_token_id` to `eos_token_id`:151645 for open-end generation.
Setting `pad_token_id` to `eos_token_id`:151645 for open-end generation.
Setting `pad_token_id` to `eos_token_id`:151645 for open-end generation.
Setting `pad_token_id` to `eos_token_id`:151645 for open-end generation.
Setting `pad_token_id` to `eos_token_id`:151645 for open-end generation.
Setting `pad_token_id` to `eos_token_id`:151645 for open-end generation.
Setting `pad_token_id` to `eos_token_id`:151645 for open-end generation.
Setting `pad_token_id` to `eos_token_id`:151645 for open-end generation.
Setting `pad_token_id` to `eos_token_id`:151645 for open-end generation.
Setting `pad_token_id` to `eos_token_id`:151645 for open-end generation.
Setting `pad_token_id` to `eos_token_id`:151645 for open-end generation.
Setting `pad_token_id` to `eos_token_id`:151645 for open-end generation.
Setting `pad_token_id` to `eos_token_id`:151645 for open-end generation.
Setting `pad_token_id` to `eos_token_id`:151645 for open-end generation.
Setting `pad_token_id` to `eos_token_id`:151645 for open-end generation.
Setting `pad_token_id` to `eos_token_id`:151645 for open-end generation.
Setting `pad_token_id` to `eos_token_id`:151645 for open-end generation.
Setting `pad_token_id` to `eos_token_id`:151645 for open-end generation.
Setting `pad_token_id` to `eos_token_id`:151645 for open-end generation.
Setting `pad_token_id` to `eos_token_id`:151645 for open-end generation.
Setting `pad_token_id` to `eos_token_id`:151645 for open-end generation.
Setting `pad_token_id` to `eos_token_id`:151645 for open-end generation.
Setting `pad_token_id` to `eos_token_id`:151645 for open-end generation.
Setting `pad_token_id` to `eos_token_id`:151645 for open-end generation.
Setting `pad_token_id` to `eos_token_id`:151645 for open-end generation.
Setting `pad_token_id` to `eos_token_id`:151645 for open-end generation.
Setting `pad_token_id` to `eos_token_id`:151645 for open-end generation.
Setting `pad_token_id` to `eos_token_id`:151645 for open-end generation.
Setting `pad_token_id` to `eos_token_id`:151645 for open-end generation.
Setting `pad_token_id` to `eos_token_id`:151645 for open-end generation.
Setting `pad_token_id` to `eos_token_id`:151645 for open-end generation.
Setting `pad_token_id` to `eos_token_id`:151645 for open-end generation.
Setting `pad_token_id` to `eos_token_id`:151645 for open-end generation.
Setting `pad_token_id` to `eos_token_id`:151645 for open-end generation.
Setting `pad_token_id` to `eos_token_id`:151645 for open-end generation.
Setting `pad_token_id` to `eos_token_id`:151645 for open-end generation.
Setting `pad_token_id` to `eos_token_id`:151645 for open-end generation.
Setting `pad_token_id` to `eos_token_id`:151645 for open-end generation.
Setting `pad_token_id` to `eos_token_id`:151645 for open-end generation.
Setting `pad_token_id` to `eos_token_id`:151645 for open-end generation.
Setting `pad_token_id` to `eos_token_id`:151645 for open-end generation.
Setting `pad_token_id` to `eos_token_id`:151645 for open-end generation.
Setting `pad_token_id` to `eos_token_id`:151645 for open-end generation.
Setting `pad_token_id` to `eos_token_id`:151645 for open-end generation.
Setting `pad_token_id` to `eos_token_id`:151645 for open-end generation.
Setting `pad_token_id` to `eos_token_id`:151645 for open-end generation.
Setting `pad_token_id` to `eos_token_id`:151645 for open-end generation.
Setting `pad_token_id` to `eos_token_id`:151645 for open-end generation.
Setting `pad_token_id` to `eos_token_id`:151645 for open-end generation.
Setting `pad_token_id` to `eos_token_id`:151645 for open-end generation.
Setting `pad_token_id` to `eos_token_id`:151645 for open-end generation.
Setting `pad_token_id` to `eos_token_id`:151645 for open-end generation.
Setting `pad_token_id` to `eos_token_id`:151645 for open-end generation.
Setting `pad_token_id` to `eos_token_id`:151645 for open-end generation.
Setting `pad_token_id` to `eos_token_id`:151645 for open-end generation.
Setting `pad_token_id` to `eos_token_id`:151645 for open-end generation.
Setting `pad_token_id` to `eos_token_id`:151645 for open-end generation.
Setting `pad_token_id` to `eos_token_id`:151645 for open-end generation.
Setting `pad_token_id` to `eos_token_id`:151645 for open-end generation.
Setting `pad_token_id` to `eos_token_id`:151645 for open-end generation.
Setting `pad_token_id` to `eos_token_id`:151645 for open-end generation.
Setting `pad_token_id` to `eos_token_id`:151645 for open-end generation.
Setting `pad_token_id` to `eos_token_id`:151645 for open-end generation.
Setting `pad_token_id` to `eos_token_id`:151645 for open-end generation.
Setting `pad_token_id` to `eos_token_id`:151645 for open-end generation.
Setting `pad_token_id` to `eos_token_id`:151645 for open-end generation.
Setting `pad_token_id` to `eos_token_id`:151645 for open-end generation.
Setting `pad_token_id` to `eos_token_id`:151645 for open-end generation.
Setting `pad_token_id` to `eos_token_id`:151645 for open-end generation.
Setting `pad_token_id` to `eos_token_id`:151645 for open-end generation.
Setting `pad_token_id` to `eos_token_id`:151645 for open-end generation.
Setting `pad_token_id` to `eos_token_id`:151645 for open-end generation.
Setting `pad_token_id` to `eos_token_id`:151645 for open-end generation.
Setting `pad_token_id` to `eos_token_id`:151645 for open-end generation.
Setting `pad_token_id` to `eos_token_id`:151645 for open-end generation.
Setting `pad_token_id` to `eos_token_id`:151645 for open-end generation.
Setting `pad_token_id` to `eos_token_id`:151645 for open-end generation.
Setting `pad_token_id` to `eos_token_id`:151645 for open-end generation.
Setting `pad_token_id` to `eos_token_id`:151645 for open-end generation.
Setting `pad_token_id` to `eos_token_id`:151645 for open-end generation.
Setting `pad_token_id` to `eos_token_id`:151645 for open-end generation.
Setting `pad_token_id` to `eos_token_id`:151645 for open-end generation.
Setting `pad_token_id` to `eos_token_id`:151645 for open-end generation.
Setting `pad_token_id` to `eos_token_id`:151645 for open-end generation.
Setting `pad_token_id` to `eos_token_id`:151645 for open-end generation.
Setting `pad_token_id` to `eos_token_id`:151645 for open-end generation.
Setting `pad_token_id` to `eos_token_id`:151645 for open-end generation.
Setting `pad_token_id` to `eos_token_id`:151645 for open-end generation.
Setting `pad_token_id` to `eos_token_id`:151645 for open-end generation.
Setting `pad_token_id` to `eos_token_id`:151645 for open-end generation.
Setting `pad_token_id` to `eos_token_id`:151645 for open-end generation.
Setting `pad_token_id` to `eos_token_id`:151645 for open-end generation.
Setting `pad_token_id` to `eos_token_id`:151645 for open-end generation.
Setting `pad_token_id` to `eos_token_id`:151645 for open-end generation.
Setting `pad_token_id` to `eos_token_id`:151645 for open-end generation.
Setting `pad_token_id` to `eos_token_id`:151645 for open-end generation.
Setting `pad_token_id` to `eos_token_id`:151645 for open-end generation.
Setting `pad_token_id` to `eos_token_id`:151645 for open-end generation.
Setting `pad_token_id` to `eos_token_id`:151645 for open-end generation.
Setting `pad_token_id` to `eos_token_id`:151645 for open-end generation.
Setting `pad_token_id` to `eos_token_id`:151645 for open-end generation.
Setting `pad_token_id` to `eos_token_id`:151645 for open-end generation.
Setting `pad_token_id` to `eos_token_id`:151645 for open-end generation.
Setting `pad_token_id` to `eos_token_id`:151645 for open-end generation.
Setting `pad_token_id` to `eos_token_id`:151645 for open-end generation.
Setting `pad_token_id` to `eos_token_id`:151645 for open-end generation.
Setting `pad_token_id` to `eos_token_id`:151645 for open-end generation.
Setting `pad_token_id` to `eos_token_id`:151645 for open-end generation.
Setting `pad_token_id` to `eos_token_id`:151645 for open-end generation.
Setting `pad_token_id` to `eos_token_id`:151645 for open-end generation.
Setting `pad_token_id` to `eos_token_id`:151645 for open-end generation.
Setting `pad_token_id` to `eos_token_id`:151645 for open-end generation.
Setting `pad_token_id` to `eos_token_id`:151645 for open-end generation.
Setting `pad_token_id` to `eos_token_id`:151645 for open-end generation.
Setting `pad_token_id` to `eos_token_id`:151645 for open-end generation.
Setting `pad_token_id` to `eos_token_id`:151645 for open-end generation.
Setting `pad_token_id` to `eos_token_id`:151645 for open-end generation.
Setting `pad_token_id` to `eos_token_id`:151645 for open-end generation.
Setting `pad_token_id` to `eos_token_id`:151645 for open-end generation.
Setting `pad_token_id` to `eos_token_id`:151645 for open-end generation.
Setting `pad_token_id` to `eos_token_id`:151645 for open-end generation.
Setting `pad_token_id` to `eos_token_id`:151645 for open-end generation.
Setting `pad_token_id` to `eos_token_id`:151645 for open-end generation.
Setting `pad_token_id` to `eos_token_id`:151645 for open-end generation.
Setting `pad_token_id` to `eos_token_id`:151645 for open-end generation.
Setting `pad_token_id` to `eos_token_id`:151645 for open-end generation.
Setting `pad_token_id` to `eos_token_id`:151645 for open-end generation.
Setting `pad_token_id` to `eos_token_id`:151645 for open-end generation.
Setting `pad_token_id` to `eos_token_id`:151645 for open-end generation.
Setting `pad_token_id` to `eos_token_id`:151645 for open-end generation.
Setting `pad_token_id` to `eos_token_id`:151645 for open-end generation.
Setting `pad_token_id` to `eos_token_id`:151645 for open-end generation.
Setting `pad_token_id` to `eos_token_id`:151645 for open-end generation.
Setting `pad_token_id` to `eos_token_id`:151645 for open-end generation.
Setting `pad_token_id` to `eos_token_id`:151645 for open-end generation.
Setting `pad_token_id` to `eos_token_id`:151645 for open-end generation.
Setting `pad_token_id` to `eos_token_id`:151645 for open-end generation.
Setting `pad_token_id` to `eos_token_id`:151645 for open-end generation.
Setting `pad_token_id` to `eos_token_id`:151645 for open-end generation.
Setting `pad_token_id` to `eos_token_id`:151645 for open-end generation.
Setting `pad_token_id` to `eos_token_id`:151645 for open-end generation.
Setting `pad_token_id` to `eos_token_id`:151645 for open-end generation.
Setting `pad_token_id` to `eos_token_id`:151645 for open-end generation.
Setting `pad_token_id` to `eos_token_id`:151645 for open-end generation.
Setting `pad_token_id` to `eos_token_id`:151645 for open-end generation.
Setting `pad_token_id` to `eos_token_id`:151645 for open-end generation.
Setting `pad_token_id` to `eos_token_id`:151645 for open-end generation.
Setting `pad_token_id` to `eos_token_id`:151645 for open-end generation.
Setting `pad_token_id` to `eos_token_id`:151645 for open-end generation.
Setting `pad_token_id` to `eos_token_id`:151645 for open-end generation.
Setting `pad_token_id` to `eos_token_id`:151645 for open-end generation.
Setting `pad_token_id` to `eos_token_id`:151645 for open-end generation.
Setting `pad_token_id` to `eos_token_id`:151645 for open-end generation.
Setting `pad_token_id` to `eos_token_id`:151645 for open-end generation.
Setting `pad_token_id` to `eos_token_id`:151645 for open-end generation.
Setting `pad_token_id` to `eos_token_id`:151645 for open-end generation.
Setting `pad_token_id` to `eos_token_id`:151645 for open-end generation.
Setting `pad_token_id` to `eos_token_id`:151645 for open-end generation.
Setting `pad_token_id` to `eos_token_id`:151645 for open-end generation.
Setting `pad_token_id` to `eos_token_id`:151645 for open-end generation.
Setting `pad_token_id` to `eos_token_id`:151645 for open-end generation.
Setting `pad_token_id` to `eos_token_id`:151645 for open-end generation.
Setting `pad_token_id` to `eos_token_id`:151645 for open-end generation.
Setting `pad_token_id` to `eos_token_id`:151645 for open-end generation.
Setting `pad_token_id` to `eos_token_id`:151645 for open-end generation.
Setting `pad_token_id` to `eos_token_id`:151645 for open-end generation.
Setting `pad_token_id` to `eos_token_id`:151645 for open-end generation.
Setting `pad_token_id` to `eos_token_id`:151645 for open-end generation.
Setting `pad_token_id` to `eos_token_id`:151645 for open-end generation.
Setting `pad_token_id` to `eos_token_id`:151645 for open-end generation.
Setting `pad_token_id` to `eos_token_id`:151645 for open-end generation.
Setting `pad_token_id` to `eos_token_id`:151645 for open-end generation.
Setting `pad_token_id` to `eos_token_id`:151645 for open-end generation.
Setting `pad_token_id` to `eos_token_id`:151645 for open-end generation.
Setting `pad_token_id` to `eos_token_id`:151645 for open-end generation.
Setting `pad_token_id` to `eos_token_id`:151645 for open-end generation.
Setting `pad_token_id` to `eos_token_id`:151645 for open-end generation.
Setting `pad_token_id` to `eos_token_id`:151645 for open-end generation.
Setting `pad_token_id` to `eos_token_id`:151645 for open-end generation.
Setting `pad_token_id` to `eos_token_id`:151645 for open-end generation.
Setting `pad_token_id` to `eos_token_id`:151645 for open-end generation.
Setting `pad_token_id` to `eos_token_id`:151645 for open-end generation.
Setting `pad_token_id` to `eos_token_id`:151645 for open-end generation.
Setting `pad_token_id` to `eos_token_id`:151645 for open-end generation.
Setting `pad_token_id` to `eos_token_id`:151645 for open-end generation.
Setting `pad_token_id` to `eos_token_id`:151645 for open-end generation.
Setting `pad_token_id` to `eos_token_id`:151645 for open-end generation.
Setting `pad_token_id` to `eos_token_id`:151645 for open-end generation.
Setting `pad_token_id` to `eos_token_id`:151645 for open-end generation.
Setting `pad_token_id` to `eos_token_id`:151645 for open-end generation.
Setting `pad_token_id` to `eos_token_id`:151645 for open-end generation.
Setting `pad_token_id` to `eos_token_id`:151645 for open-end generation.
Setting `pad_token_id` to `eos_token_id`:151645 for open-end generation.
Setting `pad_token_id` to `eos_token_id`:151645 for open-end generation.
Setting `pad_token_id` to `eos_token_id`:151645 for open-end generation.
Setting `pad_token_id` to `eos_token_id`:151645 for open-end generation.
Setting `pad_token_id` to `eos_token_id`:151645 for open-end generation.
Setting `pad_token_id` to `eos_token_id`:151645 for open-end generation.
Setting `pad_token_id` to `eos_token_id`:151645 for open-end generation.
Setting `pad_token_id` to `eos_token_id`:151645 for open-end generation.
Setting `pad_token_id` to `eos_token_id`:151645 for open-end generation.
Setting `pad_token_id` to `eos_token_id`:151645 for open-end generation.
Setting `pad_token_id` to `eos_token_id`:151645 for open-end generation.
Setting `pad_token_id` to `eos_token_id`:151645 for open-end generation.
Setting `pad_token_id` to `eos_token_id`:151645 for open-end generation.
Setting `pad_token_id` to `eos_token_id`:151645 for open-end generation.
Setting `pad_token_id` to `eos_token_id`:151645 for open-end generation.
Setting `pad_token_id` to `eos_token_id`:151645 for open-end generation.
Setting `pad_token_id` to `eos_token_id`:151645 for open-end generation.
Setting `pad_token_id` to `eos_token_id`:151645 for open-end generation.
Setting `pad_token_id` to `eos_token_id`:151645 for open-end generation.
Setting `pad_token_id` to `eos_token_id`:151645 for open-end generation.
Setting `pad_token_id` to `eos_token_id`:151645 for open-end generation.
Setting `pad_token_id` to `eos_token_id`:151645 for open-end generation.
Setting `pad_token_id` to `eos_token_id`:151645 for open-end generation.
Setting `pad_token_id` to `eos_token_id`:151645 for open-end generation.
Setting `pad_token_id` to `eos_token_id`:151645 for open-end generation.
Setting `pad_token_id` to `eos_token_id`:151645 for open-end generation.
Setting `pad_token_id` to `eos_token_id`:151645 for open-end generation.
Setting `pad_token_id` to `eos_token_id`:151645 for open-end generation.
Setting `pad_token_id` to `eos_token_id`:151645 for open-end generation.
Setting `pad_token_id` to `eos_token_id`:151645 for open-end generation.
Setting `pad_token_id` to `eos_token_id`:151645 for open-end generation.
Setting `pad_token_id` to `eos_token_id`:151645 for open-end generation.
Setting `pad_token_id` to `eos_token_id`:151645 for open-end generation.
Setting `pad_token_id` to `eos_token_id`:151645 for open-end generation.
Setting `pad_token_id` to `eos_token_id`:151645 for open-end generation.
Setting `pad_token_id` to `eos_token_id`:151645 for open-end generation.
Setting `pad_token_id` to `eos_token_id`:151645 for open-end generation.
Setting `pad_token_id` to `eos_token_id`:151645 for open-end generation.
Setting `pad_token_id` to `eos_token_id`:151645 for open-end generation.
Setting `pad_token_id` to `eos_token_id`:151645 for open-end generation.
Setting `pad_token_id` to `eos_token_id`:151645 for open-end generation.
Setting `pad_token_id` to `eos_token_id`:151645 for open-end generation.
Setting `pad_token_id` to `eos_token_id`:151645 for open-end generation.
Setting `pad_token_id` to `eos_token_id`:151645 for open-end generation.
Setting `pad_token_id` to `eos_token_id`:151645 for open-end generation.
Setting `pad_token_id` to `eos_token_id`:151645 for open-end generation.
Setting `pad_token_id` to `eos_token_id`:151645 for open-end generation.
Setting `pad_token_id` to `eos_token_id`:151645 for open-end generation.
Setting `pad_token_id` to `eos_token_id`:151645 for open-end generation.
Setting `pad_token_id` to `eos_token_id`:151645 for open-end generation.
Setting `pad_token_id` to `eos_token_id`:151645 for open-end generation.
Setting `pad_token_id` to `eos_token_id`:151645 for open-end generation.
Setting `pad_token_id` to `eos_token_id`:151645 for open-end generation.
Setting `pad_token_id` to `eos_token_id`:151645 for open-end generation.
Setting `pad_token_id` to `eos_token_id`:151645 for open-end generation.
Setting `pad_token_id` to `eos_token_id`:151645 for open-end generation.
Setting `pad_token_id` to `eos_token_id`:151645 for open-end generation.
Setting `pad_token_id` to `eos_token_id`:151645 for open-end generation.
Setting `pad_token_id` to `eos_token_id`:151645 for open-end generation.
Setting `pad_token_id` to `eos_token_id`:151645 for open-end generation.
Setting `pad_token_id` to `eos_token_id`:151645 for open-end generation.
Setting `pad_token_id` to `eos_token_id`:151645 for open-end generation.
Setting `pad_token_id` to `eos_token_id`:151645 for open-end generation.
Setting `pad_token_id` to `eos_token_id`:151645 for open-end generation.
Setting `pad_token_id` to `eos_token_id`:151645 for open-end generation.
Setting `pad_token_id` to `eos_token_id`:151645 for open-end generation.
Setting `pad_token_id` to `eos_token_id`:151645 for open-end generation.
Setting `pad_token_id` to `eos_token_id`:151645 for open-end generation.
Setting `pad_token_id` to `eos_token_id`:151645 for open-end generation.
Setting `pad_token_id` to `eos_token_id`:151645 for open-end generation.
Setting `pad_token_id` to `eos_token_id`:151645 for open-end generation.
Setting `pad_token_id` to `eos_token_id`:151645 for open-end generation.
Setting `pad_token_id` to `eos_token_id`:151645 for open-end generation.
Setting `pad_token_id` to `eos_token_id`:151645 for open-end generation.
Setting `pad_token_id` to `eos_token_id`:151645 for open-end generation.
Setting `pad_token_id` to `eos_token_id`:151645 for open-end generation.
Setting `pad_token_id` to `eos_token_id`:151645 for open-end generation.
Setting `pad_token_id` to `eos_token_id`:151645 for open-end generation.
Setting `pad_token_id` to `eos_token_id`:151645 for open-end generation.
Setting `pad_token_id` to `eos_token_id`:151645 for open-end generation.
Setting `pad_token_id` to `eos_token_id`:151645 for open-end generation.
Setting `pad_token_id` to `eos_token_id`:151645 for open-end generation.
Setting `pad_token_id` to `eos_token_id`:151645 for open-end generation.
Setting `pad_token_id` to `eos_token_id`:151645 for open-end generation.
Setting `pad_token_id` to `eos_token_id`:151645 for open-end generation.
Setting `pad_token_id` to `eos_token_id`:151645 for open-end generation.
Setting `pad_token_id` to `eos_token_id`:151645 for open-end generation.
Setting `pad_token_id` to `eos_token_id`:151645 for open-end generation.
Setting `pad_token_id` to `eos_token_id`:151645 for open-end generation.
Setting `pad_token_id` to `eos_token_id`:151645 for open-end generation.
Setting `pad_token_id` to `eos_token_id`:151645 for open-end generation.
Setting `pad_token_id` to `eos_token_id`:151645 for open-end generation.
Setting `pad_token_id` to `eos_token_id`:151645 for open-end generation.
Setting `pad_token_id` to `eos_token_id`:151645 for open-end generation.
Setting `pad_token_id` to `eos_token_id`:151645 for open-end generation.
Setting `pad_token_id` to `eos_token_id`:151645 for open-end generation.
Setting `pad_token_id` to `eos_token_id`:151645 for open-end generation.
Setting `pad_token_id` to `eos_token_id`:151645 for open-end generation.
Setting `pad_token_id` to `eos_token_id`:151645 for open-end generation.
Setting `pad_token_id` to `eos_token_id`:151645 for open-end generation.
Setting `pad_token_id` to `eos_token_id`:151645 for open-end generation.
Setting `pad_token_id` to `eos_token_id`:151645 for open-end generation.
Setting `pad_token_id` to `eos_token_id`:151645 for open-end generation.
Setting `pad_token_id` to `eos_token_id`:151645 for open-end generation.
Setting `pad_token_id` to `eos_token_id`:151645 for open-end generation.
Setting `pad_token_id` to `eos_token_id`:151645 for open-end generation.
Setting `pad_token_id` to `eos_token_id`:151645 for open-end generation.
Setting `pad_token_id` to `eos_token_id`:151645 for open-end generation.
Setting `pad_token_id` to `eos_token_id`:151645 for open-end generation.
Setting `pad_token_id` to `eos_token_id`:151645 for open-end generation.
Setting `pad_token_id` to `eos_token_id`:151645 for open-end generation.
Setting `pad_token_id` to `eos_token_id`:151645 for open-end generation.
Setting `pad_token_id` to `eos_token_id`:151645 for open-end generation.
Setting `pad_token_id` to `eos_token_id`:151645 for open-end generation.
Setting `pad_token_id` to `eos_token_id`:151645 for open-end generation.
Setting `pad_token_id` to `eos_token_id`:151645 for open-end generation.
Setting `pad_token_id` to `eos_token_id`:151645 for open-end generation.
Setting `pad_token_id` to `eos_token_id`:151645 for open-end generation.
Setting `pad_token_id` to `eos_token_id`:151645 for open-end generation.
Setting `pad_token_id` to `eos_token_id`:151645 for open-end generation.
Setting `pad_token_id` to `eos_token_id`:151645 for open-end generation.
Setting `pad_token_id` to `eos_token_id`:151645 for open-end generation.
Setting `pad_token_id` to `eos_token_id`:151645 for open-end generation.
Setting `pad_token_id` to `eos_token_id`:151645 for open-end generation.
Setting `pad_token_id` to `eos_token_id`:151645 for open-end generation.
Setting `pad_token_id` to `eos_token_id`:151645 for open-end generation.
Setting `pad_token_id` to `eos_token_id`:151645 for open-end generation.
Setting `pad_token_id` to `eos_token_id`:151645 for open-end generation.
Setting `pad_token_id` to `eos_token_id`:151645 for open-end generation.
Setting `pad_token_id` to `eos_token_id`:151645 for open-end generation.
Setting `pad_token_id` to `eos_token_id`:151645 for open-end generation.
Setting `pad_token_id` to `eos_token_id`:151645 for open-end generation.
Setting `pad_token_id` to `eos_token_id`:151645 for open-end generation.
Setting `pad_token_id` to `eos_token_id`:151645 for open-end generation.
Setting `pad_token_id` to `eos_token_id`:151645 for open-end generation.
Setting `pad_token_id` to `eos_token_id`:151645 for open-end generation.
Setting `pad_token_id` to `eos_token_id`:151645 for open-end generation.
Setting `pad_token_id` to `eos_token_id`:151645 for open-end generation.
Setting `pad_token_id` to `eos_token_id`:151645 for open-end generation.
Setting `pad_token_id` to `eos_token_id`:151645 for open-end generation.
Setting `pad_token_id` to `eos_token_id`:151645 for open-end generation.
Setting `pad_token_id` to `eos_token_id`:151645 for open-end generation.
Setting `pad_token_id` to `eos_token_id`:151645 for open-end generation.
Setting `pad_token_id` to `eos_token_id`:151645 for open-end generation.
Setting `pad_token_id` to `eos_token_id`:151645 for open-end generation.
Setting `pad_token_id` to `eos_token_id`:151645 for open-end generation.
Setting `pad_token_id` to `eos_token_id`:151645 for open-end generation.
Setting `pad_token_id` to `eos_token_id`:151645 for open-end generation.
Setting `pad_token_id` to `eos_token_id`:151645 for open-end generation.
Setting `pad_token_id` to `eos_token_id`:151645 for open-end generation.
Setting `pad_token_id` to `eos_token_id`:151645 for open-end generation.
Setting `pad_token_id` to `eos_token_id`:151645 for open-end generation.
Setting `pad_token_id` to `eos_token_id`:151645 for open-end generation.
Setting `pad_token_id` to `eos_token_id`:151645 for open-end generation.
Setting `pad_token_id` to `eos_token_id`:151645 for open-end generation.
Setting `pad_token_id` to `eos_token_id`:151645 for open-end generation.
Setting `pad_token_id` to `eos_token_id`:151645 for open-end generation.
Setting `pad_token_id` to `eos_token_id`:151645 for open-end generation.
Setting `pad_token_id` to `eos_token_id`:151645 for open-end generation.
Setting `pad_token_id` to `eos_token_id`:151645 for open-end generation.
Setting `pad_token_id` to `eos_token_id`:151645 for open-end generation.
Setting `pad_token_id` to `eos_token_id`:151645 for open-end generation.
Setting `pad_token_id` to `eos_token_id`:151645 for open-end generation.
Setting `pad_token_id` to `eos_token_id`:151645 for open-end generation.
Setting `pad_token_id` to `eos_token_id`:151645 for open-end generation.
Setting `pad_token_id` to `eos_token_id`:151645 for open-end generation.
Setting `pad_token_id` to `eos_token_id`:151645 for open-end generation.
Setting `pad_token_id` to `eos_token_id`:151645 for open-end generation.
Setting `pad_token_id` to `eos_token_id`:151645 for open-end generation.
Setting `pad_token_id` to `eos_token_id`:151645 for open-end generation.
Setting `pad_token_id` to `eos_token_id`:151645 for open-end generation.
Setting `pad_token_id` to `eos_token_id`:151645 for open-end generation.
Setting `pad_token_id` to `eos_token_id`:151645 for open-end generation.
Setting `pad_token_id` to `eos_token_id`:151645 for open-end generation.
Setting `pad_token_id` to `eos_token_id`:151645 for open-end generation.
Setting `pad_token_id` to `eos_token_id`:151645 for open-end generation.
Setting `pad_token_id` to `eos_token_id`:151645 for open-end generation.
Setting `pad_token_id` to `eos_token_id`:151645 for open-end generation.
Setting `pad_token_id` to `eos_token_id`:151645 for open-end generation.
Setting `pad_token_id` to `eos_token_id`:151645 for open-end generation.
Setting `pad_token_id` to `eos_token_id`:151645 for open-end generation.
Setting `pad_token_id` to `eos_token_id`:151645 for open-end generation.
Setting `pad_token_id` to `eos_token_id`:151645 for open-end generation.
Setting `pad_token_id` to `eos_token_id`:151645 for open-end generation.
Setting `pad_token_id` to `eos_token_id`:151645 for open-end generation.
Setting `pad_token_id` to `eos_token_id`:151645 for open-end generation.
[setup] NVILA loaded. Free after NVILA: 17701 MiB
[data] HLVid subset: 95 QA pairs on 37 videos

============================================================
[budget] vanilla tile=0.20 thumb=0.75
============================================================
Video tiling: 32 frames @ 3840x2160 → 2 spatial × 2 temporal = 4 tiles, each 16×392×392; 16 thumbnail frames
  [1/95] q=79  gt=B  pred=B  OK  lat=16.0s
Video tiling: 32 frames @ 3840x2160 → 2 spatial × 2 temporal = 4 tiles, each 16×392×392; 16 thumbnail frames
Video tiling: 32 frames @ 3840x2160 → 2 spatial × 2 temporal = 4 tiles, each 16×392×392; 16 thumbnail frames
Video tiling: 32 frames @ 3840x2160 → 2 spatial × 2 temporal = 4 tiles, each 16×392×392; 16 thumbnail frames
Video tiling: 32 frames @ 3840x2160 → 2 spatial × 2 temporal = 4 tiles, each 16×392×392; 16 thumbnail frames
Video tiling: 32 frames @ 3840x2160 → 2 spatial × 2 temporal = 4 tiles, each 16×392×392; 16 thumbnail frames
Video tiling: 32 frames @ 3840x2160 → 2 spatial × 2 temporal = 4 tiles, each 16×392×392; 16 thumbnail frames
Video tiling: 32 frames @ 3840x2160 → 2 spatial × 2 temporal = 4 tiles, each 16×392×392; 16 thumbnail frames
Video tiling: 32 frames @ 3840x2160 → 2 spatial × 2 temporal = 4 tiles, each 16×392×392; 16 thumbnail frames
Video tiling: 32 frames @ 3840x2160 → 2 spatial × 2 temporal = 4 tiles, each 16×392×392; 16 thumbnail frames
  [10/95] q=88  gt=D  pred=B  X   lat=13.2s
Video tiling: 32 frames @ 3840x2160 → 2 spatial × 2 temporal = 4 tiles, each 16×392×392; 16 thumbnail frames
Video tiling: 32 frames @ 3840x2160 → 2 spatial × 2 temporal = 4 tiles, each 16×392×392; 16 thumbnail frames
Video tiling: 32 frames @ 3840x2160 → 2 spatial × 2 temporal = 4 tiles, each 16×392×392; 16 thumbnail frames
Video tiling: 32 frames @ 3840x2160 → 2 spatial × 2 temporal = 4 tiles, each 16×392×392; 16 thumbnail frames
Video tiling: 32 frames @ 3840x2160 → 2 spatial × 2 temporal = 4 tiles, each 16×392×392; 16 thumbnail frames
Video tiling: 32 frames @ 3840x2160 → 2 spatial × 2 temporal = 4 tiles, each 16×392×392; 16 thumbnail frames
Video tiling: 32 frames @ 3840x2160 → 2 spatial × 2 temporal = 4 tiles, each 16×392×392; 16 thumbnail frames
Video tiling: 32 frames @ 3840x2160 → 2 spatial × 2 temporal = 4 tiles, each 16×392×392; 16 thumbnail frames
Video tiling: 32 frames @ 3840x2160 → 2 spatial × 2 temporal = 4 tiles, each 16×392×392; 16 thumbnail frames
Video tiling: 32 frames @ 3840x2160 → 2 spatial × 2 temporal = 4 tiles, each 16×392×392; 16 thumbnail frames
  [20/95] q=107  gt=C  pred=B  X   lat=14.5s
Video tiling: 32 frames @ 3840x2160 → 2 spatial × 2 temporal = 4 tiles, each 16×392×392; 16 thumbnail frames
Video tiling: 32 frames @ 3840x2160 → 2 spatial × 2 temporal = 4 tiles, each 16×392×392; 16 thumbnail frames
Video tiling: 32 frames @ 3840x2160 → 2 spatial × 2 temporal = 4 tiles, each 16×392×392; 16 thumbnail frames
Video tiling: 32 frames @ 3840x2160 → 2 spatial × 2 temporal = 4 tiles, each 16×392×392; 16 thumbnail frames
Video tiling: 32 frames @ 3840x2160 → 2 spatial × 2 temporal = 4 tiles, each 16×392×392; 16 thumbnail frames
Video tiling: 32 frames @ 3840x2160 → 2 spatial × 2 temporal = 4 tiles, each 16×392×392; 16 thumbnail frames
Video tiling: 32 frames @ 3840x2160 → 2 spatial × 2 temporal = 4 tiles, each 16×392×392; 16 thumbnail frames
Video tiling: 32 frames @ 3840x2160 → 2 spatial × 2 temporal = 4 tiles, each 16×392×392; 16 thumbnail frames
Video tiling: 32 frames @ 3840x2160 → 2 spatial × 2 temporal = 4 tiles, each 16×392×392; 16 thumbnail frames
Video tiling: 32 frames @ 3840x2160 → 2 spatial × 2 temporal = 4 tiles, each 16×392×392; 16 thumbnail frames
  [30/95] q=130  gt=C  pred=A  X   lat=14.1s
Video tiling: 32 frames @ 3840x2160 → 2 spatial × 2 temporal = 4 tiles, each 16×392×392; 16 thumbnail frames
Video tiling: 32 frames @ 3840x2160 → 2 spatial × 2 temporal = 4 tiles, each 16×392×392; 16 thumbnail frames
Video tiling: 32 frames @ 3840x2160 → 2 spatial × 2 temporal = 4 tiles, each 16×392×392; 16 thumbnail frames
Video tiling: 32 frames @ 3840x2160 → 2 spatial × 2 temporal = 4 tiles, each 16×392×392; 16 thumbnail frames
Video tiling: 32 frames @ 3840x2160 → 2 spatial × 2 temporal = 4 tiles, each 16×392×392; 16 thumbnail frames
Video tiling: 32 frames @ 3840x2160 → 2 spatial × 2 temporal = 4 tiles, each 16×392×392; 16 thumbnail frames
Video tiling: 32 frames @ 3840x2160 → 2 spatial × 2 temporal = 4 tiles, each 16×392×392; 16 thumbnail frames
Video tiling: 32 frames @ 3840x2160 → 2 spatial × 2 temporal = 4 tiles, each 16×392×392; 16 thumbnail frames
Video tiling: 32 frames @ 3840x2160 → 2 spatial × 2 temporal = 4 tiles, each 16×392×392; 16 thumbnail frames
Video tiling: 32 frames @ 3840x2160 → 2 spatial × 2 temporal = 4 tiles, each 16×392×392; 16 thumbnail frames
  [40/95] q=144  gt=B  pred=C  X   lat=13.1s
Video tiling: 32 frames @ 3840x2160 → 2 spatial × 2 temporal = 4 tiles, each 16×392×392; 16 thumbnail frames
Video tiling: 32 frames @ 3840x2160 → 2 spatial × 2 temporal = 4 tiles, each 16×392×392; 16 thumbnail frames
Video tiling: 32 frames @ 3840x2160 → 2 spatial × 2 temporal = 4 tiles, each 16×392×392; 16 thumbnail frames
Video tiling: 32 frames @ 3840x2160 → 2 spatial × 2 temporal = 4 tiles, each 16×392×392; 16 thumbnail frames
Video tiling: 32 frames @ 3840x2160 → 2 spatial × 2 temporal = 4 tiles, each 16×392×392; 16 thumbnail frames
Video tiling: 32 frames @ 3840x2160 → 2 spatial × 2 temporal = 4 tiles, each 16×392×392; 16 thumbnail frames
Video tiling: 32 frames @ 3840x2160 → 2 spatial × 2 temporal = 4 tiles, each 16×392×392; 16 thumbnail frames
Video tiling: 32 frames @ 3840x2160 → 2 spatial × 2 temporal = 4 tiles, each 16×392×392; 16 thumbnail frames
Video tiling: 32 frames @ 3840x2160 → 2 spatial × 2 temporal = 4 tiles, each 16×392×392; 16 thumbnail frames
Video tiling: 32 frames @ 3840x2160 → 2 spatial × 2 temporal = 4 tiles, each 16×392×392; 16 thumbnail frames
  [50/95] q=164  gt=A  pred=C  X   lat=13.6s
Video tiling: 32 frames @ 3840x2160 → 2 spatial × 2 temporal = 4 tiles, each 16×392×392; 16 thumbnail frames
Video tiling: 32 frames @ 3840x2160 → 2 spatial × 2 temporal = 4 tiles, each 16×392×392; 16 thumbnail frames
Video tiling: 32 frames @ 3840x2160 → 2 spatial × 2 temporal = 4 tiles, each 16×392×392; 16 thumbnail frames
Video tiling: 32 frames @ 3840x2160 → 2 spatial × 2 temporal = 4 tiles, each 16×392×392; 16 thumbnail frames
Video tiling: 32 frames @ 3840x2160 → 2 spatial × 2 temporal = 4 tiles, each 16×392×392; 16 thumbnail frames
Video tiling: 32 frames @ 3840x2160 → 2 spatial × 2 temporal = 4 tiles, each 16×392×392; 16 thumbnail frames
Video tiling: 32 frames @ 3840x2160 → 2 spatial × 2 temporal = 4 tiles, each 16×392×392; 16 thumbnail frames
Video tiling: 32 frames @ 3840x2160 → 2 spatial × 2 temporal = 4 tiles, each 16×392×392; 16 thumbnail frames
Video tiling: 32 frames @ 3840x2160 → 2 spatial × 2 temporal = 4 tiles, each 16×392×392; 16 thumbnail frames
Video tiling: 32 frames @ 3840x2160 → 2 spatial × 2 temporal = 4 tiles, each 16×392×392; 16 thumbnail frames
  [60/95] q=190  gt=A  pred=D  X   lat=13.8s
Video tiling: 32 frames @ 3840x2160 → 2 spatial × 2 temporal = 4 tiles, each 16×392×392; 16 thumbnail frames
Video tiling: 32 frames @ 3840x2160 → 2 spatial × 2 temporal = 4 tiles, each 16×392×392; 16 thumbnail frames
Video tiling: 32 frames @ 3840x2160 → 2 spatial × 2 temporal = 4 tiles, each 16×392×392; 16 thumbnail frames
Video tiling: 32 frames @ 3840x2160 → 2 spatial × 2 temporal = 4 tiles, each 16×392×392; 16 thumbnail frames
Video tiling: 32 frames @ 3840x2160 → 2 spatial × 2 temporal = 4 tiles, each 16×392×392; 16 thumbnail frames
Video tiling: 32 frames @ 3840x2160 → 2 spatial × 2 temporal = 4 tiles, each 16×392×392; 16 thumbnail frames
Video tiling: 32 frames @ 3840x2160 → 2 spatial × 2 temporal = 4 tiles, each 16×392×392; 16 thumbnail frames
Video tiling: 32 frames @ 3840x2160 → 2 spatial × 2 temporal = 4 tiles, each 16×392×392; 16 thumbnail frames
Video tiling: 32 frames @ 3840x2160 → 2 spatial × 2 temporal = 4 tiles, each 16×392×392; 16 thumbnail frames
Video tiling: 32 frames @ 3840x2160 → 2 spatial × 2 temporal = 4 tiles, each 16×392×392; 16 thumbnail frames
  [70/95] q=214  gt=B  pred=A  X   lat=13.8s
Video tiling: 32 frames @ 3840x2160 → 2 spatial × 2 temporal = 4 tiles, each 16×392×392; 16 thumbnail frames
Video tiling: 32 frames @ 3840x2160 → 2 spatial × 2 temporal = 4 tiles, each 16×392×392; 16 thumbnail frames
Video tiling: 32 frames @ 3840x2160 → 2 spatial × 2 temporal = 4 tiles, each 16×392×392; 16 thumbnail frames
Video tiling: 32 frames @ 3840x2160 → 2 spatial × 2 temporal = 4 tiles, each 16×392×392; 16 thumbnail frames
Video tiling: 32 frames @ 3840x2160 → 2 spatial × 2 temporal = 4 tiles, each 16×392×392; 16 thumbnail frames
Video tiling: 32 frames @ 3840x2160 → 2 spatial × 2 temporal = 4 tiles, each 16×392×392; 16 thumbnail frames
Video tiling: 32 frames @ 3840x2160 → 2 spatial × 2 temporal = 4 tiles, each 16×392×392; 16 thumbnail frames
Video tiling: 32 frames @ 3840x2160 → 2 spatial × 2 temporal = 4 tiles, each 16×392×392; 16 thumbnail frames
Video tiling: 32 frames @ 3840x2160 → 2 spatial × 2 temporal = 4 tiles, each 16×392×392; 16 thumbnail frames
Video tiling: 32 frames @ 3840x2160 → 2 spatial × 2 temporal = 4 tiles, each 16×392×392; 16 thumbnail frames
  [80/95] q=224  gt=A  pred=C  X   lat=13.2s
Video tiling: 32 frames @ 3840x2160 → 2 spatial × 2 temporal = 4 tiles, each 16×392×392; 16 thumbnail frames
Video tiling: 32 frames @ 3840x2160 → 2 spatial × 2 temporal = 4 tiles, each 16×392×392; 16 thumbnail frames
Video tiling: 32 frames @ 3840x2160 → 2 spatial × 2 temporal = 4 tiles, each 16×392×392; 16 thumbnail frames
Video tiling: 32 frames @ 3840x2160 → 2 spatial × 2 temporal = 4 tiles, each 16×392×392; 16 thumbnail frames
Video tiling: 32 frames @ 3840x2160 → 2 spatial × 2 temporal = 4 tiles, each 16×392×392; 16 thumbnail frames
Video tiling: 32 frames @ 3840x2160 → 2 spatial × 2 temporal = 4 tiles, each 16×392×392; 16 thumbnail frames
Video tiling: 32 frames @ 3840x2160 → 2 spatial × 2 temporal = 4 tiles, each 16×392×392; 16 thumbnail frames
Video tiling: 32 frames @ 3840x2160 → 2 spatial × 2 temporal = 4 tiles, each 16×392×392; 16 thumbnail frames
Video tiling: 32 frames @ 3840x2160 → 2 spatial × 2 temporal = 4 tiles, each 16×392×392; 16 thumbnail frames
Video tiling: 32 frames @ 3840x2160 → 2 spatial × 2 temporal = 4 tiles, each 16×392×392; 16 thumbnail frames
  [90/95] q=234  gt=A  pred=C  X   lat=14.4s
Video tiling: 32 frames @ 3840x2160 → 2 spatial × 2 temporal = 4 tiles, each 16×392×392; 16 thumbnail frames
Video tiling: 32 frames @ 3840x2160 → 2 spatial × 2 temporal = 4 tiles, each 16×392×392; 16 thumbnail frames
Video tiling: 32 frames @ 3840x2160 → 2 spatial × 2 temporal = 4 tiles, each 16×392×392; 16 thumbnail frames
Video tiling: 32 frames @ 3840x2160 → 2 spatial × 2 temporal = 4 tiles, each 16×392×392; 16 thumbnail frames
Video tiling: 32 frames @ 3840x2160 → 2 spatial × 2 temporal = 4 tiles, each 16×392×392; 16 thumbnail frames
  [95/95] q=239  gt=C  pred=D  X   lat=13.0s

  => vanilla tile=0.20 thumb=0.75: acc=0.389 (37/95)  avg_lat=13.91s

============================================================
[budget] scaled 0.9 tile=0.18 thumb=0.675
============================================================
Video tiling: 32 frames @ 3840x2160 → 2 spatial × 2 temporal = 4 tiles, each 16×392×392; 16 thumbnail frames
  [1/95] q=79  gt=B  pred=B  OK  lat=13.1s
Video tiling: 32 frames @ 3840x2160 → 2 spatial × 2 temporal = 4 tiles, each 16×392×392; 16 thumbnail frames
Video tiling: 32 frames @ 3840x2160 → 2 spatial × 2 temporal = 4 tiles, each 16×392×392; 16 thumbnail frames
Video tiling: 32 frames @ 3840x2160 → 2 spatial × 2 temporal = 4 tiles, each 16×392×392; 16 thumbnail frames
Video tiling: 32 frames @ 3840x2160 → 2 spatial × 2 temporal = 4 tiles, each 16×392×392; 16 thumbnail frames
Video tiling: 32 frames @ 3840x2160 → 2 spatial × 2 temporal = 4 tiles, each 16×392×392; 16 thumbnail frames
Video tiling: 32 frames @ 3840x2160 → 2 spatial × 2 temporal = 4 tiles, each 16×392×392; 16 thumbnail frames
Video tiling: 32 frames @ 3840x2160 → 2 spatial × 2 temporal = 4 tiles, each 16×392×392; 16 thumbnail frames
Video tiling: 32 frames @ 3840x2160 → 2 spatial × 2 temporal = 4 tiles, each 16×392×392; 16 thumbnail frames
Video tiling: 32 frames @ 3840x2160 → 2 spatial × 2 temporal = 4 tiles, each 16×392×392; 16 thumbnail frames
  [10/95] q=88  gt=D  pred=B  X   lat=12.8s
Video tiling: 32 frames @ 3840x2160 → 2 spatial × 2 temporal = 4 tiles, each 16×392×392; 16 thumbnail frames
Video tiling: 32 frames @ 3840x2160 → 2 spatial × 2 temporal = 4 tiles, each 16×392×392; 16 thumbnail frames
Video tiling: 32 frames @ 3840x2160 → 2 spatial × 2 temporal = 4 tiles, each 16×392×392; 16 thumbnail frames
Video tiling: 32 frames @ 3840x2160 → 2 spatial × 2 temporal = 4 tiles, each 16×392×392; 16 thumbnail frames
Video tiling: 32 frames @ 3840x2160 → 2 spatial × 2 temporal = 4 tiles, each 16×392×392; 16 thumbnail frames
Video tiling: 32 frames @ 3840x2160 → 2 spatial × 2 temporal = 4 tiles, each 16×392×392; 16 thumbnail frames
Video tiling: 32 frames @ 3840x2160 → 2 spatial × 2 temporal = 4 tiles, each 16×392×392; 16 thumbnail frames
Video tiling: 32 frames @ 3840x2160 → 2 spatial × 2 temporal = 4 tiles, each 16×392×392; 16 thumbnail frames
Video tiling: 32 frames @ 3840x2160 → 2 spatial × 2 temporal = 4 tiles, each 16×392×392; 16 thumbnail frames
Video tiling: 32 frames @ 3840x2160 → 2 spatial × 2 temporal = 4 tiles, each 16×392×392; 16 thumbnail frames
  [20/95] q=107  gt=C  pred=D  X   lat=12.9s
Video tiling: 32 frames @ 3840x2160 → 2 spatial × 2 temporal = 4 tiles, each 16×392×392; 16 thumbnail frames
Video tiling: 32 frames @ 3840x2160 → 2 spatial × 2 temporal = 4 tiles, each 16×392×392; 16 thumbnail frames
Video tiling: 32 frames @ 3840x2160 → 2 spatial × 2 temporal = 4 tiles, each 16×392×392; 16 thumbnail frames
Video tiling: 32 frames @ 3840x2160 → 2 spatial × 2 temporal = 4 tiles, each 16×392×392; 16 thumbnail frames
Video tiling: 32 frames @ 3840x2160 → 2 spatial × 2 temporal = 4 tiles, each 16×392×392; 16 thumbnail frames
Video tiling: 32 frames @ 3840x2160 → 2 spatial × 2 temporal = 4 tiles, each 16×392×392; 16 thumbnail frames
Video tiling: 32 frames @ 3840x2160 → 2 spatial × 2 temporal = 4 tiles, each 16×392×392; 16 thumbnail frames
Video tiling: 32 frames @ 3840x2160 → 2 spatial × 2 temporal = 4 tiles, each 16×392×392; 16 thumbnail frames
Video tiling: 32 frames @ 3840x2160 → 2 spatial × 2 temporal = 4 tiles, each 16×392×392; 16 thumbnail frames
Video tiling: 32 frames @ 3840x2160 → 2 spatial × 2 temporal = 4 tiles, each 16×392×392; 16 thumbnail frames
  [30/95] q=130  gt=C  pred=A  X   lat=14.3s
Video tiling: 32 frames @ 3840x2160 → 2 spatial × 2 temporal = 4 tiles, each 16×392×392; 16 thumbnail frames
Video tiling: 32 frames @ 3840x2160 → 2 spatial × 2 temporal = 4 tiles, each 16×392×392; 16 thumbnail frames
Video tiling: 32 frames @ 3840x2160 → 2 spatial × 2 temporal = 4 tiles, each 16×392×392; 16 thumbnail frames
Video tiling: 32 frames @ 3840x2160 → 2 spatial × 2 temporal = 4 tiles, each 16×392×392; 16 thumbnail frames
Video tiling: 32 frames @ 3840x2160 → 2 spatial × 2 temporal = 4 tiles, each 16×392×392; 16 thumbnail frames
Video tiling: 32 frames @ 3840x2160 → 2 spatial × 2 temporal = 4 tiles, each 16×392×392; 16 thumbnail frames
Video tiling: 32 frames @ 3840x2160 → 2 spatial × 2 temporal = 4 tiles, each 16×392×392; 16 thumbnail frames
Video tiling: 32 frames @ 3840x2160 → 2 spatial × 2 temporal = 4 tiles, each 16×392×392; 16 thumbnail frames
Video tiling: 32 frames @ 3840x2160 → 2 spatial × 2 temporal = 4 tiles, each 16×392×392; 16 thumbnail frames
Video tiling: 32 frames @ 3840x2160 → 2 spatial × 2 temporal = 4 tiles, each 16×392×392; 16 thumbnail frames
  [40/95] q=144  gt=B  pred=C  X   lat=13.3s
Video tiling: 32 frames @ 3840x2160 → 2 spatial × 2 temporal = 4 tiles, each 16×392×392; 16 thumbnail frames
Video tiling: 32 frames @ 3840x2160 → 2 spatial × 2 temporal = 4 tiles, each 16×392×392; 16 thumbnail frames
Video tiling: 32 frames @ 3840x2160 → 2 spatial × 2 temporal = 4 tiles, each 16×392×392; 16 thumbnail frames
Video tiling: 32 frames @ 3840x2160 → 2 spatial × 2 temporal = 4 tiles, each 16×392×392; 16 thumbnail frames
Video tiling: 32 frames @ 3840x2160 → 2 spatial × 2 temporal = 4 tiles, each 16×392×392; 16 thumbnail frames
Video tiling: 32 frames @ 3840x2160 → 2 spatial × 2 temporal = 4 tiles, each 16×392×392; 16 thumbnail frames
Video tiling: 32 frames @ 3840x2160 → 2 spatial × 2 temporal = 4 tiles, each 16×392×392; 16 thumbnail frames
Video tiling: 32 frames @ 3840x2160 → 2 spatial × 2 temporal = 4 tiles, each 16×392×392; 16 thumbnail frames
Video tiling: 32 frames @ 3840x2160 → 2 spatial × 2 temporal = 4 tiles, each 16×392×392; 16 thumbnail frames
Video tiling: 32 frames @ 3840x2160 → 2 spatial × 2 temporal = 4 tiles, each 16×392×392; 16 thumbnail frames
  [50/95] q=164  gt=A  pred=C  X   lat=14.4s
Video tiling: 32 frames @ 3840x2160 → 2 spatial × 2 temporal = 4 tiles, each 16×392×392; 16 thumbnail frames
Video tiling: 32 frames @ 3840x2160 → 2 spatial × 2 temporal = 4 tiles, each 16×392×392; 16 thumbnail frames
Video tiling: 32 frames @ 3840x2160 → 2 spatial × 2 temporal = 4 tiles, each 16×392×392; 16 thumbnail frames
Video tiling: 32 frames @ 3840x2160 → 2 spatial × 2 temporal = 4 tiles, each 16×392×392; 16 thumbnail frames
Video tiling: 32 frames @ 3840x2160 → 2 spatial × 2 temporal = 4 tiles, each 16×392×392; 16 thumbnail frames
Video tiling: 32 frames @ 3840x2160 → 2 spatial × 2 temporal = 4 tiles, each 16×392×392; 16 thumbnail frames
Video tiling: 32 frames @ 3840x2160 → 2 spatial × 2 temporal = 4 tiles, each 16×392×392; 16 thumbnail frames
Video tiling: 32 frames @ 3840x2160 → 2 spatial × 2 temporal = 4 tiles, each 16×392×392; 16 thumbnail frames
Video tiling: 32 frames @ 3840x2160 → 2 spatial × 2 temporal = 4 tiles, each 16×392×392; 16 thumbnail frames
Video tiling: 32 frames @ 3840x2160 → 2 spatial × 2 temporal = 4 tiles, each 16×392×392; 16 thumbnail frames
  [60/95] q=190  gt=A  pred=B  X   lat=12.8s
Video tiling: 32 frames @ 3840x2160 → 2 spatial × 2 temporal = 4 tiles, each 16×392×392; 16 thumbnail frames
Video tiling: 32 frames @ 3840x2160 → 2 spatial × 2 temporal = 4 tiles, each 16×392×392; 16 thumbnail frames
Video tiling: 32 frames @ 3840x2160 → 2 spatial × 2 temporal = 4 tiles, each 16×392×392; 16 thumbnail frames
Video tiling: 32 frames @ 3840x2160 → 2 spatial × 2 temporal = 4 tiles, each 16×392×392; 16 thumbnail frames
Video tiling: 32 frames @ 3840x2160 → 2 spatial × 2 temporal = 4 tiles, each 16×392×392; 16 thumbnail frames
Video tiling: 32 frames @ 3840x2160 → 2 spatial × 2 temporal = 4 tiles, each 16×392×392; 16 thumbnail frames
Video tiling: 32 frames @ 3840x2160 → 2 spatial × 2 temporal = 4 tiles, each 16×392×392; 16 thumbnail frames
Video tiling: 32 frames @ 3840x2160 → 2 spatial × 2 temporal = 4 tiles, each 16×392×392; 16 thumbnail frames
Video tiling: 32 frames @ 3840x2160 → 2 spatial × 2 temporal = 4 tiles, each 16×392×392; 16 thumbnail frames
Video tiling: 32 frames @ 3840x2160 → 2 spatial × 2 temporal = 4 tiles, each 16×392×392; 16 thumbnail frames
  [70/95] q=214  gt=B  pred=A  X   lat=12.9s
Video tiling: 32 frames @ 3840x2160 → 2 spatial × 2 temporal = 4 tiles, each 16×392×392; 16 thumbnail frames
Video tiling: 32 frames @ 3840x2160 → 2 spatial × 2 temporal = 4 tiles, each 16×392×392; 16 thumbnail frames
Video tiling: 32 frames @ 3840x2160 → 2 spatial × 2 temporal = 4 tiles, each 16×392×392; 16 thumbnail frames
Video tiling: 32 frames @ 3840x2160 → 2 spatial × 2 temporal = 4 tiles, each 16×392×392; 16 thumbnail frames
Video tiling: 32 frames @ 3840x2160 → 2 spatial × 2 temporal = 4 tiles, each 16×392×392; 16 thumbnail frames
Video tiling: 32 frames @ 3840x2160 → 2 spatial × 2 temporal = 4 tiles, each 16×392×392; 16 thumbnail frames
Video tiling: 32 frames @ 3840x2160 → 2 spatial × 2 temporal = 4 tiles, each 16×392×392; 16 thumbnail frames
Video tiling: 32 frames @ 3840x2160 → 2 spatial × 2 temporal = 4 tiles, each 16×392×392; 16 thumbnail frames
Video tiling: 32 frames @ 3840x2160 → 2 spatial × 2 temporal = 4 tiles, each 16×392×392; 16 thumbnail frames
Video tiling: 32 frames @ 3840x2160 → 2 spatial × 2 temporal = 4 tiles, each 16×392×392; 16 thumbnail frames
  [80/95] q=224  gt=A  pred=C  X   lat=12.4s
Video tiling: 32 frames @ 3840x2160 → 2 spatial × 2 temporal = 4 tiles, each 16×392×392; 16 thumbnail frames
Video tiling: 32 frames @ 3840x2160 → 2 spatial × 2 temporal = 4 tiles, each 16×392×392; 16 thumbnail frames
Video tiling: 32 frames @ 3840x2160 → 2 spatial × 2 temporal = 4 tiles, each 16×392×392; 16 thumbnail frames
Video tiling: 32 frames @ 3840x2160 → 2 spatial × 2 temporal = 4 tiles, each 16×392×392; 16 thumbnail frames
Video tiling: 32 frames @ 3840x2160 → 2 spatial × 2 temporal = 4 tiles, each 16×392×392; 16 thumbnail frames
Video tiling: 32 frames @ 3840x2160 → 2 spatial × 2 temporal = 4 tiles, each 16×392×392; 16 thumbnail frames
Video tiling: 32 frames @ 3840x2160 → 2 spatial × 2 temporal = 4 tiles, each 16×392×392; 16 thumbnail frames
Video tiling: 32 frames @ 3840x2160 → 2 spatial × 2 temporal = 4 tiles, each 16×392×392; 16 thumbnail frames
Video tiling: 32 frames @ 3840x2160 → 2 spatial × 2 temporal = 4 tiles, each 16×392×392; 16 thumbnail frames
Video tiling: 32 frames @ 3840x2160 → 2 spatial × 2 temporal = 4 tiles, each 16×392×392; 16 thumbnail frames
  [90/95] q=234  gt=A  pred=C  X   lat=13.3s
Video tiling: 32 frames @ 3840x2160 → 2 spatial × 2 temporal = 4 tiles, each 16×392×392; 16 thumbnail frames
Video tiling: 32 frames @ 3840x2160 → 2 spatial × 2 temporal = 4 tiles, each 16×392×392; 16 thumbnail frames
Video tiling: 32 frames @ 3840x2160 → 2 spatial × 2 temporal = 4 tiles, each 16×392×392; 16 thumbnail frames
Video tiling: 32 frames @ 3840x2160 → 2 spatial × 2 temporal = 4 tiles, each 16×392×392; 16 thumbnail frames
Video tiling: 32 frames @ 3840x2160 → 2 spatial × 2 temporal = 4 tiles, each 16×392×392; 16 thumbnail frames
  [95/95] q=239  gt=C  pred=D  X   lat=12.5s

  => scaled 0.9 tile=0.18 thumb=0.675: acc=0.379 (36/95)  avg_lat=13.31s

============================================================
[budget] scaled 0.8 tile=0.16 thumb=0.600
============================================================
Video tiling: 32 frames @ 3840x2160 → 2 spatial × 2 temporal = 4 tiles, each 16×392×392; 16 thumbnail frames
  [1/95] q=79  gt=B  pred=B  OK  lat=12.6s
Video tiling: 32 frames @ 3840x2160 → 2 spatial × 2 temporal = 4 tiles, each 16×392×392; 16 thumbnail frames
Video tiling: 32 frames @ 3840x2160 → 2 spatial × 2 temporal = 4 tiles, each 16×392×392; 16 thumbnail frames
Video tiling: 32 frames @ 3840x2160 → 2 spatial × 2 temporal = 4 tiles, each 16×392×392; 16 thumbnail frames
Video tiling: 32 frames @ 3840x2160 → 2 spatial × 2 temporal = 4 tiles, each 16×392×392; 16 thumbnail frames
Video tiling: 32 frames @ 3840x2160 → 2 spatial × 2 temporal = 4 tiles, each 16×392×392; 16 thumbnail frames
Video tiling: 32 frames @ 3840x2160 → 2 spatial × 2 temporal = 4 tiles, each 16×392×392; 16 thumbnail frames
Video tiling: 32 frames @ 3840x2160 → 2 spatial × 2 temporal = 4 tiles, each 16×392×392; 16 thumbnail frames
Video tiling: 32 frames @ 3840x2160 → 2 spatial × 2 temporal = 4 tiles, each 16×392×392; 16 thumbnail frames
Video tiling: 32 frames @ 3840x2160 → 2 spatial × 2 temporal = 4 tiles, each 16×392×392; 16 thumbnail frames
  [10/95] q=88  gt=D  pred=B  X   lat=12.2s
Video tiling: 32 frames @ 3840x2160 → 2 spatial × 2 temporal = 4 tiles, each 16×392×392; 16 thumbnail frames
Video tiling: 32 frames @ 3840x2160 → 2 spatial × 2 temporal = 4 tiles, each 16×392×392; 16 thumbnail frames
Video tiling: 32 frames @ 3840x2160 → 2 spatial × 2 temporal = 4 tiles, each 16×392×392; 16 thumbnail frames
Video tiling: 32 frames @ 3840x2160 → 2 spatial × 2 temporal = 4 tiles, each 16×392×392; 16 thumbnail frames
Video tiling: 32 frames @ 3840x2160 → 2 spatial × 2 temporal = 4 tiles, each 16×392×392; 16 thumbnail frames
Video tiling: 32 frames @ 3840x2160 → 2 spatial × 2 temporal = 4 tiles, each 16×392×392; 16 thumbnail frames
Video tiling: 32 frames @ 3840x2160 → 2 spatial × 2 temporal = 4 tiles, each 16×392×392; 16 thumbnail frames
Video tiling: 32 frames @ 3840x2160 → 2 spatial × 2 temporal = 4 tiles, each 16×392×392; 16 thumbnail frames
Video tiling: 32 frames @ 3840x2160 → 2 spatial × 2 temporal = 4 tiles, each 16×392×392; 16 thumbnail frames
Video tiling: 32 frames @ 3840x2160 → 2 spatial × 2 temporal = 4 tiles, each 16×392×392; 16 thumbnail frames
  [20/95] q=107  gt=C  pred=B  X   lat=12.6s
Video tiling: 32 frames @ 3840x2160 → 2 spatial × 2 temporal = 4 tiles, each 16×392×392; 16 thumbnail frames
Video tiling: 32 frames @ 3840x2160 → 2 spatial × 2 temporal = 4 tiles, each 16×392×392; 16 thumbnail frames
Video tiling: 32 frames @ 3840x2160 → 2 spatial × 2 temporal = 4 tiles, each 16×392×392; 16 thumbnail frames
Video tiling: 32 frames @ 3840x2160 → 2 spatial × 2 temporal = 4 tiles, each 16×392×392; 16 thumbnail frames
Video tiling: 32 frames @ 3840x2160 → 2 spatial × 2 temporal = 4 tiles, each 16×392×392; 16 thumbnail frames
Video tiling: 32 frames @ 3840x2160 → 2 spatial × 2 temporal = 4 tiles, each 16×392×392; 16 thumbnail frames
Video tiling: 32 frames @ 3840x2160 → 2 spatial × 2 temporal = 4 tiles, each 16×392×392; 16 thumbnail frames
Video tiling: 32 frames @ 3840x2160 → 2 spatial × 2 temporal = 4 tiles, each 16×392×392; 16 thumbnail frames
Video tiling: 32 frames @ 3840x2160 → 2 spatial × 2 temporal = 4 tiles, each 16×392×392; 16 thumbnail frames
Video tiling: 32 frames @ 3840x2160 → 2 spatial × 2 temporal = 4 tiles, each 16×392×392; 16 thumbnail frames
  [30/95] q=130  gt=C  pred=A  X   lat=14.0s
Video tiling: 32 frames @ 3840x2160 → 2 spatial × 2 temporal = 4 tiles, each 16×392×392; 16 thumbnail frames
Video tiling: 32 frames @ 3840x2160 → 2 spatial × 2 temporal = 4 tiles, each 16×392×392; 16 thumbnail frames
Video tiling: 32 frames @ 3840x2160 → 2 spatial × 2 temporal = 4 tiles, each 16×392×392; 16 thumbnail frames
Video tiling: 32 frames @ 3840x2160 → 2 spatial × 2 temporal = 4 tiles, each 16×392×392; 16 thumbnail frames
Video tiling: 32 frames @ 3840x2160 → 2 spatial × 2 temporal = 4 tiles, each 16×392×392; 16 thumbnail frames
Video tiling: 32 frames @ 3840x2160 → 2 spatial × 2 temporal = 4 tiles, each 16×392×392; 16 thumbnail frames
Video tiling: 32 frames @ 3840x2160 → 2 spatial × 2 temporal = 4 tiles, each 16×392×392; 16 thumbnail frames
Video tiling: 32 frames @ 3840x2160 → 2 spatial × 2 temporal = 4 tiles, each 16×392×392; 16 thumbnail frames
Video tiling: 32 frames @ 3840x2160 → 2 spatial × 2 temporal = 4 tiles, each 16×392×392; 16 thumbnail frames
Video tiling: 32 frames @ 3840x2160 → 2 spatial × 2 temporal = 4 tiles, each 16×392×392; 16 thumbnail frames
  [40/95] q=144  gt=B  pred=C  X   lat=14.2s
Video tiling: 32 frames @ 3840x2160 → 2 spatial × 2 temporal = 4 tiles, each 16×392×392; 16 thumbnail frames
Video tiling: 32 frames @ 3840x2160 → 2 spatial × 2 temporal = 4 tiles, each 16×392×392; 16 thumbnail frames
Video tiling: 32 frames @ 3840x2160 → 2 spatial × 2 temporal = 4 tiles, each 16×392×392; 16 thumbnail frames
Video tiling: 32 frames @ 3840x2160 → 2 spatial × 2 temporal = 4 tiles, each 16×392×392; 16 thumbnail frames
Video tiling: 32 frames @ 3840x2160 → 2 spatial × 2 temporal = 4 tiles, each 16×392×392; 16 thumbnail frames
Video tiling: 32 frames @ 3840x2160 → 2 spatial × 2 temporal = 4 tiles, each 16×392×392; 16 thumbnail frames
Video tiling: 32 frames @ 3840x2160 → 2 spatial × 2 temporal = 4 tiles, each 16×392×392; 16 thumbnail frames
Video tiling: 32 frames @ 3840x2160 → 2 spatial × 2 temporal = 4 tiles, each 16×392×392; 16 thumbnail frames
Video tiling: 32 frames @ 3840x2160 → 2 spatial × 2 temporal = 4 tiles, each 16×392×392; 16 thumbnail frames
Video tiling: 32 frames @ 3840x2160 → 2 spatial × 2 temporal = 4 tiles, each 16×392×392; 16 thumbnail frames
  [50/95] q=164  gt=A  pred=C  X   lat=13.7s
Video tiling: 32 frames @ 3840x2160 → 2 spatial × 2 temporal = 4 tiles, each 16×392×392; 16 thumbnail frames
Video tiling: 32 frames @ 3840x2160 → 2 spatial × 2 temporal = 4 tiles, each 16×392×392; 16 thumbnail frames
Video tiling: 32 frames @ 3840x2160 → 2 spatial × 2 temporal = 4 tiles, each 16×392×392; 16 thumbnail frames
Video tiling: 32 frames @ 3840x2160 → 2 spatial × 2 temporal = 4 tiles, each 16×392×392; 16 thumbnail frames
Video tiling: 32 frames @ 3840x2160 → 2 spatial × 2 temporal = 4 tiles, each 16×392×392; 16 thumbnail frames
Video tiling: 32 frames @ 3840x2160 → 2 spatial × 2 temporal = 4 tiles, each 16×392×392; 16 thumbnail frames
Video tiling: 32 frames @ 3840x2160 → 2 spatial × 2 temporal = 4 tiles, each 16×392×392; 16 thumbnail frames
Video tiling: 32 frames @ 3840x2160 → 2 spatial × 2 temporal = 4 tiles, each 16×392×392; 16 thumbnail frames
Video tiling: 32 frames @ 3840x2160 → 2 spatial × 2 temporal = 4 tiles, each 16×392×392; 16 thumbnail frames
Video tiling: 32 frames @ 3840x2160 → 2 spatial × 2 temporal = 4 tiles, each 16×392×392; 16 thumbnail frames
  [60/95] q=190  gt=A  pred=B  X   lat=12.5s
Video tiling: 32 frames @ 3840x2160 → 2 spatial × 2 temporal = 4 tiles, each 16×392×392; 16 thumbnail frames
Video tiling: 32 frames @ 3840x2160 → 2 spatial × 2 temporal = 4 tiles, each 16×392×392; 16 thumbnail frames
Video tiling: 32 frames @ 3840x2160 → 2 spatial × 2 temporal = 4 tiles, each 16×392×392; 16 thumbnail frames
Video tiling: 32 frames @ 3840x2160 → 2 spatial × 2 temporal = 4 tiles, each 16×392×392; 16 thumbnail frames
Video tiling: 32 frames @ 3840x2160 → 2 spatial × 2 temporal = 4 tiles, each 16×392×392; 16 thumbnail frames
Video tiling: 32 frames @ 3840x2160 → 2 spatial × 2 temporal = 4 tiles, each 16×392×392; 16 thumbnail frames
Video tiling: 32 frames @ 3840x2160 → 2 spatial × 2 temporal = 4 tiles, each 16×392×392; 16 thumbnail frames
Video tiling: 32 frames @ 3840x2160 → 2 spatial × 2 temporal = 4 tiles, each 16×392×392; 16 thumbnail frames
Video tiling: 32 frames @ 3840x2160 → 2 spatial × 2 temporal = 4 tiles, each 16×392×392; 16 thumbnail frames
Video tiling: 32 frames @ 3840x2160 → 2 spatial × 2 temporal = 4 tiles, each 16×392×392; 16 thumbnail frames
  [70/95] q=214  gt=B  pred=A  X   lat=12.7s
Video tiling: 32 frames @ 3840x2160 → 2 spatial × 2 temporal = 4 tiles, each 16×392×392; 16 thumbnail frames
Video tiling: 32 frames @ 3840x2160 → 2 spatial × 2 temporal = 4 tiles, each 16×392×392; 16 thumbnail frames
Video tiling: 32 frames @ 3840x2160 → 2 spatial × 2 temporal = 4 tiles, each 16×392×392; 16 thumbnail frames
Video tiling: 32 frames @ 3840x2160 → 2 spatial × 2 temporal = 4 tiles, each 16×392×392; 16 thumbnail frames
Video tiling: 32 frames @ 3840x2160 → 2 spatial × 2 temporal = 4 tiles, each 16×392×392; 16 thumbnail frames
Video tiling: 32 frames @ 3840x2160 → 2 spatial × 2 temporal = 4 tiles, each 16×392×392; 16 thumbnail frames
Video tiling: 32 frames @ 3840x2160 → 2 spatial × 2 temporal = 4 tiles, each 16×392×392; 16 thumbnail frames
Video tiling: 32 frames @ 3840x2160 → 2 spatial × 2 temporal = 4 tiles, each 16×392×392; 16 thumbnail frames
Video tiling: 32 frames @ 3840x2160 → 2 spatial × 2 temporal = 4 tiles, each 16×392×392; 16 thumbnail frames
Video tiling: 32 frames @ 3840x2160 → 2 spatial × 2 temporal = 4 tiles, each 16×392×392; 16 thumbnail frames
  [80/95] q=224  gt=A  pred=C  X   lat=12.5s
Video tiling: 32 frames @ 3840x2160 → 2 spatial × 2 temporal = 4 tiles, each 16×392×392; 16 thumbnail frames
Video tiling: 32 frames @ 3840x2160 → 2 spatial × 2 temporal = 4 tiles, each 16×392×392; 16 thumbnail frames
Video tiling: 32 frames @ 3840x2160 → 2 spatial × 2 temporal = 4 tiles, each 16×392×392; 16 thumbnail frames
Video tiling: 32 frames @ 3840x2160 → 2 spatial × 2 temporal = 4 tiles, each 16×392×392; 16 thumbnail frames
Video tiling: 32 frames @ 3840x2160 → 2 spatial × 2 temporal = 4 tiles, each 16×392×392; 16 thumbnail frames
Video tiling: 32 frames @ 3840x2160 → 2 spatial × 2 temporal = 4 tiles, each 16×392×392; 16 thumbnail frames
Video tiling: 32 frames @ 3840x2160 → 2 spatial × 2 temporal = 4 tiles, each 16×392×392; 16 thumbnail frames
Video tiling: 32 frames @ 3840x2160 → 2 spatial × 2 temporal = 4 tiles, each 16×392×392; 16 thumbnail frames
Video tiling: 32 frames @ 3840x2160 → 2 spatial × 2 temporal = 4 tiles, each 16×392×392; 16 thumbnail frames
Video tiling: 32 frames @ 3840x2160 → 2 spatial × 2 temporal = 4 tiles, each 16×392×392; 16 thumbnail frames
  [90/95] q=234  gt=A  pred=C  X   lat=13.1s
Video tiling: 32 frames @ 3840x2160 → 2 spatial × 2 temporal = 4 tiles, each 16×392×392; 16 thumbnail frames
Video tiling: 32 frames @ 3840x2160 → 2 spatial × 2 temporal = 4 tiles, each 16×392×392; 16 thumbnail frames
Video tiling: 32 frames @ 3840x2160 → 2 spatial × 2 temporal = 4 tiles, each 16×392×392; 16 thumbnail frames
Video tiling: 32 frames @ 3840x2160 → 2 spatial × 2 temporal = 4 tiles, each 16×392×392; 16 thumbnail frames
Video tiling: 32 frames @ 3840x2160 → 2 spatial × 2 temporal = 4 tiles, each 16×392×392; 16 thumbnail frames
  [95/95] q=239  gt=C  pred=D  X   lat=12.4s

  => scaled 0.8 tile=0.16 thumb=0.600: acc=0.379 (36/95)  avg_lat=13.16s

============================================================
[budget] scaled 0.7 tile=0.14 thumb=0.525
============================================================
Video tiling: 32 frames @ 3840x2160 → 2 spatial × 2 temporal = 4 tiles, each 16×392×392; 16 thumbnail frames
  [1/95] q=79  gt=B  pred=B  OK  lat=12.5s
Video tiling: 32 frames @ 3840x2160 → 2 spatial × 2 temporal = 4 tiles, each 16×392×392; 16 thumbnail frames
Video tiling: 32 frames @ 3840x2160 → 2 spatial × 2 temporal = 4 tiles, each 16×392×392; 16 thumbnail frames
Video tiling: 32 frames @ 3840x2160 → 2 spatial × 2 temporal = 4 tiles, each 16×392×392; 16 thumbnail frames
Video tiling: 32 frames @ 3840x2160 → 2 spatial × 2 temporal = 4 tiles, each 16×392×392; 16 thumbnail frames
Video tiling: 32 frames @ 3840x2160 → 2 spatial × 2 temporal = 4 tiles, each 16×392×392; 16 thumbnail frames
Video tiling: 32 frames @ 3840x2160 → 2 spatial × 2 temporal = 4 tiles, each 16×392×392; 16 thumbnail frames
Video tiling: 32 frames @ 3840x2160 → 2 spatial × 2 temporal = 4 tiles, each 16×392×392; 16 thumbnail frames
Video tiling: 32 frames @ 3840x2160 → 2 spatial × 2 temporal = 4 tiles, each 16×392×392; 16 thumbnail frames
Video tiling: 32 frames @ 3840x2160 → 2 spatial × 2 temporal = 4 tiles, each 16×392×392; 16 thumbnail frames
  [10/95] q=88  gt=D  pred=B  X   lat=11.9s
Video tiling: 32 frames @ 3840x2160 → 2 spatial × 2 temporal = 4 tiles, each 16×392×392; 16 thumbnail frames
Video tiling: 32 frames @ 3840x2160 → 2 spatial × 2 temporal = 4 tiles, each 16×392×392; 16 thumbnail frames
Video tiling: 32 frames @ 3840x2160 → 2 spatial × 2 temporal = 4 tiles, each 16×392×392; 16 thumbnail frames
Video tiling: 32 frames @ 3840x2160 → 2 spatial × 2 temporal = 4 tiles, each 16×392×392; 16 thumbnail frames
Video tiling: 32 frames @ 3840x2160 → 2 spatial × 2 temporal = 4 tiles, each 16×392×392; 16 thumbnail frames
Video tiling: 32 frames @ 3840x2160 → 2 spatial × 2 temporal = 4 tiles, each 16×392×392; 16 thumbnail frames
Video tiling: 32 frames @ 3840x2160 → 2 spatial × 2 temporal = 4 tiles, each 16×392×392; 16 thumbnail frames
Video tiling: 32 frames @ 3840x2160 → 2 spatial × 2 temporal = 4 tiles, each 16×392×392; 16 thumbnail frames
Video tiling: 32 frames @ 3840x2160 → 2 spatial × 2 temporal = 4 tiles, each 16×392×392; 16 thumbnail frames
Video tiling: 32 frames @ 3840x2160 → 2 spatial × 2 temporal = 4 tiles, each 16×392×392; 16 thumbnail frames
  [20/95] q=107  gt=C  pred=B  X   lat=12.6s
Video tiling: 32 frames @ 3840x2160 → 2 spatial × 2 temporal = 4 tiles, each 16×392×392; 16 thumbnail frames
Video tiling: 32 frames @ 3840x2160 → 2 spatial × 2 temporal = 4 tiles, each 16×392×392; 16 thumbnail frames
Video tiling: 32 frames @ 3840x2160 → 2 spatial × 2 temporal = 4 tiles, each 16×392×392; 16 thumbnail frames
Video tiling: 32 frames @ 3840x2160 → 2 spatial × 2 temporal = 4 tiles, each 16×392×392; 16 thumbnail frames
Video tiling: 32 frames @ 3840x2160 → 2 spatial × 2 temporal = 4 tiles, each 16×392×392; 16 thumbnail frames
Video tiling: 32 frames @ 3840x2160 → 2 spatial × 2 temporal = 4 tiles, each 16×392×392; 16 thumbnail frames
Video tiling: 32 frames @ 3840x2160 → 2 spatial × 2 temporal = 4 tiles, each 16×392×392; 16 thumbnail frames
Video tiling: 32 frames @ 3840x2160 → 2 spatial × 2 temporal = 4 tiles, each 16×392×392; 16 thumbnail frames
Video tiling: 32 frames @ 3840x2160 → 2 spatial × 2 temporal = 4 tiles, each 16×392×392; 16 thumbnail frames
Video tiling: 32 frames @ 3840x2160 → 2 spatial × 2 temporal = 4 tiles, each 16×392×392; 16 thumbnail frames
  [30/95] q=130  gt=C  pred=A  X   lat=13.4s
Video tiling: 32 frames @ 3840x2160 → 2 spatial × 2 temporal = 4 tiles, each 16×392×392; 16 thumbnail frames
Video tiling: 32 frames @ 3840x2160 → 2 spatial × 2 temporal = 4 tiles, each 16×392×392; 16 thumbnail frames
Video tiling: 32 frames @ 3840x2160 → 2 spatial × 2 temporal = 4 tiles, each 16×392×392; 16 thumbnail frames
Video tiling: 32 frames @ 3840x2160 → 2 spatial × 2 temporal = 4 tiles, each 16×392×392; 16 thumbnail frames
Video tiling: 32 frames @ 3840x2160 → 2 spatial × 2 temporal = 4 tiles, each 16×392×392; 16 thumbnail frames
Video tiling: 32 frames @ 3840x2160 → 2 spatial × 2 temporal = 4 tiles, each 16×392×392; 16 thumbnail frames
Video tiling: 32 frames @ 3840x2160 → 2 spatial × 2 temporal = 4 tiles, each 16×392×392; 16 thumbnail frames
Video tiling: 32 frames @ 3840x2160 → 2 spatial × 2 temporal = 4 tiles, each 16×392×392; 16 thumbnail frames
Video tiling: 32 frames @ 3840x2160 → 2 spatial × 2 temporal = 4 tiles, each 16×392×392; 16 thumbnail frames
Video tiling: 32 frames @ 3840x2160 → 2 spatial × 2 temporal = 4 tiles, each 16×392×392; 16 thumbnail frames
  [40/95] q=144  gt=B  pred=B  OK  lat=12.8s
Video tiling: 32 frames @ 3840x2160 → 2 spatial × 2 temporal = 4 tiles, each 16×392×392; 16 thumbnail frames
Video tiling: 32 frames @ 3840x2160 → 2 spatial × 2 temporal = 4 tiles, each 16×392×392; 16 thumbnail frames
Video tiling: 32 frames @ 3840x2160 → 2 spatial × 2 temporal = 4 tiles, each 16×392×392; 16 thumbnail frames
Video tiling: 32 frames @ 3840x2160 → 2 spatial × 2 temporal = 4 tiles, each 16×392×392; 16 thumbnail frames
Video tiling: 32 frames @ 3840x2160 → 2 spatial × 2 temporal = 4 tiles, each 16×392×392; 16 thumbnail frames
Video tiling: 32 frames @ 3840x2160 → 2 spatial × 2 temporal = 4 tiles, each 16×392×392; 16 thumbnail frames
Video tiling: 32 frames @ 3840x2160 → 2 spatial × 2 temporal = 4 tiles, each 16×392×392; 16 thumbnail frames
Video tiling: 32 frames @ 3840x2160 → 2 spatial × 2 temporal = 4 tiles, each 16×392×392; 16 thumbnail frames
Video tiling: 32 frames @ 3840x2160 → 2 spatial × 2 temporal = 4 tiles, each 16×392×392; 16 thumbnail frames
Video tiling: 32 frames @ 3840x2160 → 2 spatial × 2 temporal = 4 tiles, each 16×392×392; 16 thumbnail frames
  [50/95] q=164  gt=A  pred=C  X   lat=13.0s
Video tiling: 32 frames @ 3840x2160 → 2 spatial × 2 temporal = 4 tiles, each 16×392×392; 16 thumbnail frames
Video tiling: 32 frames @ 3840x2160 → 2 spatial × 2 temporal = 4 tiles, each 16×392×392; 16 thumbnail frames
Video tiling: 32 frames @ 3840x2160 → 2 spatial × 2 temporal = 4 tiles, each 16×392×392; 16 thumbnail frames
Video tiling: 32 frames @ 3840x2160 → 2 spatial × 2 temporal = 4 tiles, each 16×392×392; 16 thumbnail frames
Video tiling: 32 frames @ 3840x2160 → 2 spatial × 2 temporal = 4 tiles, each 16×392×392; 16 thumbnail frames
Video tiling: 32 frames @ 3840x2160 → 2 spatial × 2 temporal = 4 tiles, each 16×392×392; 16 thumbnail frames
Video tiling: 32 frames @ 3840x2160 → 2 spatial × 2 temporal = 4 tiles, each 16×392×392; 16 thumbnail frames
Video tiling: 32 frames @ 3840x2160 → 2 spatial × 2 temporal = 4 tiles, each 16×392×392; 16 thumbnail frames
Video tiling: 32 frames @ 3840x2160 → 2 spatial × 2 temporal = 4 tiles, each 16×392×392; 16 thumbnail frames
Video tiling: 32 frames @ 3840x2160 → 2 spatial × 2 temporal = 4 tiles, each 16×392×392; 16 thumbnail frames
  [60/95] q=190  gt=A  pred=B  X   lat=12.3s
Video tiling: 32 frames @ 3840x2160 → 2 spatial × 2 temporal = 4 tiles, each 16×392×392; 16 thumbnail frames
Video tiling: 32 frames @ 3840x2160 → 2 spatial × 2 temporal = 4 tiles, each 16×392×392; 16 thumbnail frames
Video tiling: 32 frames @ 3840x2160 → 2 spatial × 2 temporal = 4 tiles, each 16×392×392; 16 thumbnail frames
Video tiling: 32 frames @ 3840x2160 → 2 spatial × 2 temporal = 4 tiles, each 16×392×392; 16 thumbnail frames
Video tiling: 32 frames @ 3840x2160 → 2 spatial × 2 temporal = 4 tiles, each 16×392×392; 16 thumbnail frames
Video tiling: 32 frames @ 3840x2160 → 2 spatial × 2 temporal = 4 tiles, each 16×392×392; 16 thumbnail frames
Video tiling: 32 frames @ 3840x2160 → 2 spatial × 2 temporal = 4 tiles, each 16×392×392; 16 thumbnail frames
Video tiling: 32 frames @ 3840x2160 → 2 spatial × 2 temporal = 4 tiles, each 16×392×392; 16 thumbnail frames
Video tiling: 32 frames @ 3840x2160 → 2 spatial × 2 temporal = 4 tiles, each 16×392×392; 16 thumbnail frames
Video tiling: 32 frames @ 3840x2160 → 2 spatial × 2 temporal = 4 tiles, each 16×392×392; 16 thumbnail frames
  [70/95] q=214  gt=B  pred=A  X   lat=12.3s
Video tiling: 32 frames @ 3840x2160 → 2 spatial × 2 temporal = 4 tiles, each 16×392×392; 16 thumbnail frames
Video tiling: 32 frames @ 3840x2160 → 2 spatial × 2 temporal = 4 tiles, each 16×392×392; 16 thumbnail frames
Video tiling: 32 frames @ 3840x2160 → 2 spatial × 2 temporal = 4 tiles, each 16×392×392; 16 thumbnail frames
Video tiling: 32 frames @ 3840x2160 → 2 spatial × 2 temporal = 4 tiles, each 16×392×392; 16 thumbnail frames
Video tiling: 32 frames @ 3840x2160 → 2 spatial × 2 temporal = 4 tiles, each 16×392×392; 16 thumbnail frames
Video tiling: 32 frames @ 3840x2160 → 2 spatial × 2 temporal = 4 tiles, each 16×392×392; 16 thumbnail frames
Video tiling: 32 frames @ 3840x2160 → 2 spatial × 2 temporal = 4 tiles, each 16×392×392; 16 thumbnail frames
Video tiling: 32 frames @ 3840x2160 → 2 spatial × 2 temporal = 4 tiles, each 16×392×392; 16 thumbnail frames
Video tiling: 32 frames @ 3840x2160 → 2 spatial × 2 temporal = 4 tiles, each 16×392×392; 16 thumbnail frames
Video tiling: 32 frames @ 3840x2160 → 2 spatial × 2 temporal = 4 tiles, each 16×392×392; 16 thumbnail frames
  [80/95] q=224  gt=A  pred=B  X   lat=12.2s
Video tiling: 32 frames @ 3840x2160 → 2 spatial × 2 temporal = 4 tiles, each 16×392×392; 16 thumbnail frames
Video tiling: 32 frames @ 3840x2160 → 2 spatial × 2 temporal = 4 tiles, each 16×392×392; 16 thumbnail frames
Video tiling: 32 frames @ 3840x2160 → 2 spatial × 2 temporal = 4 tiles, each 16×392×392; 16 thumbnail frames
Video tiling: 32 frames @ 3840x2160 → 2 spatial × 2 temporal = 4 tiles, each 16×392×392; 16 thumbnail frames
Video tiling: 32 frames @ 3840x2160 → 2 spatial × 2 temporal = 4 tiles, each 16×392×392; 16 thumbnail frames
Video tiling: 32 frames @ 3840x2160 → 2 spatial × 2 temporal = 4 tiles, each 16×392×392; 16 thumbnail frames
Video tiling: 32 frames @ 3840x2160 → 2 spatial × 2 temporal = 4 tiles, each 16×392×392; 16 thumbnail frames
Video tiling: 32 frames @ 3840x2160 → 2 spatial × 2 temporal = 4 tiles, each 16×392×392; 16 thumbnail frames
Video tiling: 32 frames @ 3840x2160 → 2 spatial × 2 temporal = 4 tiles, each 16×392×392; 16 thumbnail frames
Video tiling: 32 frames @ 3840x2160 → 2 spatial × 2 temporal = 4 tiles, each 16×392×392; 16 thumbnail frames
  [90/95] q=234  gt=A  pred=C  X   lat=13.0s
Video tiling: 32 frames @ 3840x2160 → 2 spatial × 2 temporal = 4 tiles, each 16×392×392; 16 thumbnail frames
Video tiling: 32 frames @ 3840x2160 → 2 spatial × 2 temporal = 4 tiles, each 16×392×392; 16 thumbnail frames
Video tiling: 32 frames @ 3840x2160 → 2 spatial × 2 temporal = 4 tiles, each 16×392×392; 16 thumbnail frames
Video tiling: 32 frames @ 3840x2160 → 2 spatial × 2 temporal = 4 tiles, each 16×392×392; 16 thumbnail frames
Video tiling: 32 frames @ 3840x2160 → 2 spatial × 2 temporal = 4 tiles, each 16×392×392; 16 thumbnail frames
  [95/95] q=239  gt=C  pred=D  X   lat=12.5s

  => scaled 0.7 tile=0.14 thumb=0.525: acc=0.400 (38/95)  avg_lat=12.80s

============================================================
[budget] scaled 0.6 tile=0.12 thumb=0.450
============================================================
Video tiling: 32 frames @ 3840x2160 → 2 spatial × 2 temporal = 4 tiles, each 16×392×392; 16 thumbnail frames
  [1/95] q=79  gt=B  pred=B  OK  lat=12.2s
Video tiling: 32 frames @ 3840x2160 → 2 spatial × 2 temporal = 4 tiles, each 16×392×392; 16 thumbnail frames
Video tiling: 32 frames @ 3840x2160 → 2 spatial × 2 temporal = 4 tiles, each 16×392×392; 16 thumbnail frames
Video tiling: 32 frames @ 3840x2160 → 2 spatial × 2 temporal = 4 tiles, each 16×392×392; 16 thumbnail frames
Video tiling: 32 frames @ 3840x2160 → 2 spatial × 2 temporal = 4 tiles, each 16×392×392; 16 thumbnail frames
Video tiling: 32 frames @ 3840x2160 → 2 spatial × 2 temporal = 4 tiles, each 16×392×392; 16 thumbnail frames
Video tiling: 32 frames @ 3840x2160 → 2 spatial × 2 temporal = 4 tiles, each 16×392×392; 16 thumbnail frames
Video tiling: 32 frames @ 3840x2160 → 2 spatial × 2 temporal = 4 tiles, each 16×392×392; 16 thumbnail frames
Video tiling: 32 frames @ 3840x2160 → 2 spatial × 2 temporal = 4 tiles, each 16×392×392; 16 thumbnail frames
Video tiling: 32 frames @ 3840x2160 → 2 spatial × 2 temporal = 4 tiles, each 16×392×392; 16 thumbnail frames
  [10/95] q=88  gt=D  pred=C  X   lat=12.0s
Video tiling: 32 frames @ 3840x2160 → 2 spatial × 2 temporal = 4 tiles, each 16×392×392; 16 thumbnail frames
Video tiling: 32 frames @ 3840x2160 → 2 spatial × 2 temporal = 4 tiles, each 16×392×392; 16 thumbnail frames
Video tiling: 32 frames @ 3840x2160 → 2 spatial × 2 temporal = 4 tiles, each 16×392×392; 16 thumbnail frames
Video tiling: 32 frames @ 3840x2160 → 2 spatial × 2 temporal = 4 tiles, each 16×392×392; 16 thumbnail frames
Video tiling: 32 frames @ 3840x2160 → 2 spatial × 2 temporal = 4 tiles, each 16×392×392; 16 thumbnail frames
Video tiling: 32 frames @ 3840x2160 → 2 spatial × 2 temporal = 4 tiles, each 16×392×392; 16 thumbnail frames
Video tiling: 32 frames @ 3840x2160 → 2 spatial × 2 temporal = 4 tiles, each 16×392×392; 16 thumbnail frames
Video tiling: 32 frames @ 3840x2160 → 2 spatial × 2 temporal = 4 tiles, each 16×392×392; 16 thumbnail frames
Video tiling: 32 frames @ 3840x2160 → 2 spatial × 2 temporal = 4 tiles, each 16×392×392; 16 thumbnail frames
Video tiling: 32 frames @ 3840x2160 → 2 spatial × 2 temporal = 4 tiles, each 16×392×392; 16 thumbnail frames
  [20/95] q=107  gt=C  pred=B  X   lat=12.7s
Video tiling: 32 frames @ 3840x2160 → 2 spatial × 2 temporal = 4 tiles, each 16×392×392; 16 thumbnail frames
Video tiling: 32 frames @ 3840x2160 → 2 spatial × 2 temporal = 4 tiles, each 16×392×392; 16 thumbnail frames
Video tiling: 32 frames @ 3840x2160 → 2 spatial × 2 temporal = 4 tiles, each 16×392×392; 16 thumbnail frames
Video tiling: 32 frames @ 3840x2160 → 2 spatial × 2 temporal = 4 tiles, each 16×392×392; 16 thumbnail frames
Video tiling: 32 frames @ 3840x2160 → 2 spatial × 2 temporal = 4 tiles, each 16×392×392; 16 thumbnail frames
Video tiling: 32 frames @ 3840x2160 → 2 spatial × 2 temporal = 4 tiles, each 16×392×392; 16 thumbnail frames
Video tiling: 32 frames @ 3840x2160 → 2 spatial × 2 temporal = 4 tiles, each 16×392×392; 16 thumbnail frames
Video tiling: 32 frames @ 3840x2160 → 2 spatial × 2 temporal = 4 tiles, each 16×392×392; 16 thumbnail frames
Video tiling: 32 frames @ 3840x2160 → 2 spatial × 2 temporal = 4 tiles, each 16×392×392; 16 thumbnail frames
Video tiling: 32 frames @ 3840x2160 → 2 spatial × 2 temporal = 4 tiles, each 16×392×392; 16 thumbnail frames
  [30/95] q=130  gt=C  pred=A  X   lat=13.9s
Video tiling: 32 frames @ 3840x2160 → 2 spatial × 2 temporal = 4 tiles, each 16×392×392; 16 thumbnail frames
Video tiling: 32 frames @ 3840x2160 → 2 spatial × 2 temporal = 4 tiles, each 16×392×392; 16 thumbnail frames
Video tiling: 32 frames @ 3840x2160 → 2 spatial × 2 temporal = 4 tiles, each 16×392×392; 16 thumbnail frames
Video tiling: 32 frames @ 3840x2160 → 2 spatial × 2 temporal = 4 tiles, each 16×392×392; 16 thumbnail frames
Video tiling: 32 frames @ 3840x2160 → 2 spatial × 2 temporal = 4 tiles, each 16×392×392; 16 thumbnail frames
Video tiling: 32 frames @ 3840x2160 → 2 spatial × 2 temporal = 4 tiles, each 16×392×392; 16 thumbnail frames
Video tiling: 32 frames @ 3840x2160 → 2 spatial × 2 temporal = 4 tiles, each 16×392×392; 16 thumbnail frames
Video tiling: 32 frames @ 3840x2160 → 2 spatial × 2 temporal = 4 tiles, each 16×392×392; 16 thumbnail frames
Video tiling: 32 frames @ 3840x2160 → 2 spatial × 2 temporal = 4 tiles, each 16×392×392; 16 thumbnail frames
Video tiling: 32 frames @ 3840x2160 → 2 spatial × 2 temporal = 4 tiles, each 16×392×392; 16 thumbnail frames
  [40/95] q=144  gt=B  pred=B  OK  lat=12.7s
Video tiling: 32 frames @ 3840x2160 → 2 spatial × 2 temporal = 4 tiles, each 16×392×392; 16 thumbnail frames
Video tiling: 32 frames @ 3840x2160 → 2 spatial × 2 temporal = 4 tiles, each 16×392×392; 16 thumbnail frames
Video tiling: 32 frames @ 3840x2160 → 2 spatial × 2 temporal = 4 tiles, each 16×392×392; 16 thumbnail frames
Video tiling: 32 frames @ 3840x2160 → 2 spatial × 2 temporal = 4 tiles, each 16×392×392; 16 thumbnail frames
Video tiling: 32 frames @ 3840x2160 → 2 spatial × 2 temporal = 4 tiles, each 16×392×392; 16 thumbnail frames
Video tiling: 32 frames @ 3840x2160 → 2 spatial × 2 temporal = 4 tiles, each 16×392×392; 16 thumbnail frames
Video tiling: 32 frames @ 3840x2160 → 2 spatial × 2 temporal = 4 tiles, each 16×392×392; 16 thumbnail frames
Video tiling: 32 frames @ 3840x2160 → 2 spatial × 2 temporal = 4 tiles, each 16×392×392; 16 thumbnail frames
Video tiling: 32 frames @ 3840x2160 → 2 spatial × 2 temporal = 4 tiles, each 16×392×392; 16 thumbnail frames
Video tiling: 32 frames @ 3840x2160 → 2 spatial × 2 temporal = 4 tiles, each 16×392×392; 16 thumbnail frames
  [50/95] q=164  gt=A  pred=C  X   lat=13.3s
Video tiling: 32 frames @ 3840x2160 → 2 spatial × 2 temporal = 4 tiles, each 16×392×392; 16 thumbnail frames
Video tiling: 32 frames @ 3840x2160 → 2 spatial × 2 temporal = 4 tiles, each 16×392×392; 16 thumbnail frames
Video tiling: 32 frames @ 3840x2160 → 2 spatial × 2 temporal = 4 tiles, each 16×392×392; 16 thumbnail frames
Video tiling: 32 frames @ 3840x2160 → 2 spatial × 2 temporal = 4 tiles, each 16×392×392; 16 thumbnail frames
Video tiling: 32 frames @ 3840x2160 → 2 spatial × 2 temporal = 4 tiles, each 16×392×392; 16 thumbnail frames
Video tiling: 32 frames @ 3840x2160 → 2 spatial × 2 temporal = 4 tiles, each 16×392×392; 16 thumbnail frames
Video tiling: 32 frames @ 3840x2160 → 2 spatial × 2 temporal = 4 tiles, each 16×392×392; 16 thumbnail frames
Video tiling: 32 frames @ 3840x2160 → 2 spatial × 2 temporal = 4 tiles, each 16×392×392; 16 thumbnail frames
Video tiling: 32 frames @ 3840x2160 → 2 spatial × 2 temporal = 4 tiles, each 16×392×392; 16 thumbnail frames
Video tiling: 32 frames @ 3840x2160 → 2 spatial × 2 temporal = 4 tiles, each 16×392×392; 16 thumbnail frames
  [60/95] q=190  gt=A  pred=B  X   lat=13.1s
Video tiling: 32 frames @ 3840x2160 → 2 spatial × 2 temporal = 4 tiles, each 16×392×392; 16 thumbnail frames
Video tiling: 32 frames @ 3840x2160 → 2 spatial × 2 temporal = 4 tiles, each 16×392×392; 16 thumbnail frames
Video tiling: 32 frames @ 3840x2160 → 2 spatial × 2 temporal = 4 tiles, each 16×392×392; 16 thumbnail frames
Video tiling: 32 frames @ 3840x2160 → 2 spatial × 2 temporal = 4 tiles, each 16×392×392; 16 thumbnail frames
Video tiling: 32 frames @ 3840x2160 → 2 spatial × 2 temporal = 4 tiles, each 16×392×392; 16 thumbnail frames
Video tiling: 32 frames @ 3840x2160 → 2 spatial × 2 temporal = 4 tiles, each 16×392×392; 16 thumbnail frames
Video tiling: 32 frames @ 3840x2160 → 2 spatial × 2 temporal = 4 tiles, each 16×392×392; 16 thumbnail frames
Video tiling: 32 frames @ 3840x2160 → 2 spatial × 2 temporal = 4 tiles, each 16×392×392; 16 thumbnail frames
Video tiling: 32 frames @ 3840x2160 → 2 spatial × 2 temporal = 4 tiles, each 16×392×392; 16 thumbnail frames
Video tiling: 32 frames @ 3840x2160 → 2 spatial × 2 temporal = 4 tiles, each 16×392×392; 16 thumbnail frames
  [70/95] q=214  gt=B  pred=A  X   lat=12.4s
Video tiling: 32 frames @ 3840x2160 → 2 spatial × 2 temporal = 4 tiles, each 16×392×392; 16 thumbnail frames
Video tiling: 32 frames @ 3840x2160 → 2 spatial × 2 temporal = 4 tiles, each 16×392×392; 16 thumbnail frames
Video tiling: 32 frames @ 3840x2160 → 2 spatial × 2 temporal = 4 tiles, each 16×392×392; 16 thumbnail frames
Video tiling: 32 frames @ 3840x2160 → 2 spatial × 2 temporal = 4 tiles, each 16×392×392; 16 thumbnail frames
Video tiling: 32 frames @ 3840x2160 → 2 spatial × 2 temporal = 4 tiles, each 16×392×392; 16 thumbnail frames
Video tiling: 32 frames @ 3840x2160 → 2 spatial × 2 temporal = 4 tiles, each 16×392×392; 16 thumbnail frames
Video tiling: 32 frames @ 3840x2160 → 2 spatial × 2 temporal = 4 tiles, each 16×392×392; 16 thumbnail frames
Video tiling: 32 frames @ 3840x2160 → 2 spatial × 2 temporal = 4 tiles, each 16×392×392; 16 thumbnail frames
Video tiling: 32 frames @ 3840x2160 → 2 spatial × 2 temporal = 4 tiles, each 16×392×392; 16 thumbnail frames
Video tiling: 32 frames @ 3840x2160 → 2 spatial × 2 temporal = 4 tiles, each 16×392×392; 16 thumbnail frames
  [80/95] q=224  gt=A  pred=C  X   lat=12.2s
Video tiling: 32 frames @ 3840x2160 → 2 spatial × 2 temporal = 4 tiles, each 16×392×392; 16 thumbnail frames
Video tiling: 32 frames @ 3840x2160 → 2 spatial × 2 temporal = 4 tiles, each 16×392×392; 16 thumbnail frames
Video tiling: 32 frames @ 3840x2160 → 2 spatial × 2 temporal = 4 tiles, each 16×392×392; 16 thumbnail frames
Video tiling: 32 frames @ 3840x2160 → 2 spatial × 2 temporal = 4 tiles, each 16×392×392; 16 thumbnail frames
Video tiling: 32 frames @ 3840x2160 → 2 spatial × 2 temporal = 4 tiles, each 16×392×392; 16 thumbnail frames
Video tiling: 32 frames @ 3840x2160 → 2 spatial × 2 temporal = 4 tiles, each 16×392×392; 16 thumbnail frames
Video tiling: 32 frames @ 3840x2160 → 2 spatial × 2 temporal = 4 tiles, each 16×392×392; 16 thumbnail frames
Video tiling: 32 frames @ 3840x2160 → 2 spatial × 2 temporal = 4 tiles, each 16×392×392; 16 thumbnail frames
Video tiling: 32 frames @ 3840x2160 → 2 spatial × 2 temporal = 4 tiles, each 16×392×392; 16 thumbnail frames
Video tiling: 32 frames @ 3840x2160 → 2 spatial × 2 temporal = 4 tiles, each 16×392×392; 16 thumbnail frames
  [90/95] q=234  gt=A  pred=C  X   lat=13.5s
Video tiling: 32 frames @ 3840x2160 → 2 spatial × 2 temporal = 4 tiles, each 16×392×392; 16 thumbnail frames
Video tiling: 32 frames @ 3840x2160 → 2 spatial × 2 temporal = 4 tiles, each 16×392×392; 16 thumbnail frames
Video tiling: 32 frames @ 3840x2160 → 2 spatial × 2 temporal = 4 tiles, each 16×392×392; 16 thumbnail frames
Video tiling: 32 frames @ 3840x2160 → 2 spatial × 2 temporal = 4 tiles, each 16×392×392; 16 thumbnail frames
Video tiling: 32 frames @ 3840x2160 → 2 spatial × 2 temporal = 4 tiles, each 16×392×392; 16 thumbnail frames
  [95/95] q=239  gt=C  pred=D  X   lat=13.1s

  => scaled 0.6 tile=0.12 thumb=0.450: acc=0.411 (39/95)  avg_lat=12.96s

============================================================
[SUMMARY] HLVid household gaze-budget sweep (n=95)
============================================================
  vanilla tile=0.20 thumb=0.75                   acc=0.389 (37/95)  d_acc=+0.000  lat=13.91s  (speedup 1.00x)
  scaled 0.9 tile=0.18 thumb=0.675               acc=0.379 (36/95)  d_acc=-0.011  lat=13.31s  (speedup 1.04x)
  scaled 0.8 tile=0.16 thumb=0.600               acc=0.379 (36/95)  d_acc=-0.011  lat=13.16s  (speedup 1.06x)
  scaled 0.7 tile=0.14 thumb=0.525               acc=0.400 (38/95)  d_acc=+0.011  lat=12.80s  (speedup 1.09x)
  scaled 0.6 tile=0.12 thumb=0.450               acc=0.411 (39/95)  d_acc=+0.021  lat=12.96s  (speedup 1.07x)
[save] results/budget_ladder_av_replication/hlvid_subset.json
