[diag] loading COCO + text...
loading annotations into memory...
Done (t=0.24s)
creating index...
index created!
[diag] loading AutoGaze + IconStudent-118K...
[diag] 20 audit pairs
[diag] 20 usable audit bundles

=== frozen_cycle1 (bilinear_cosine) ===
  frozen_cycle1: 1W/18L/1T = (W+T)/n = 2/20 | head_ms mean=0.04 p95=0.05

=== frozen_cycle2 (bilinear_cosine) ===
  frozen_cycle2: 0W/19L/1T = (W+T)/n = 1/20 | head_ms mean=0.05 p95=0.05

=== filter_attn (filter_head) ===
  filter_attn: 0W/19L/1T = (W+T)/n = 1/20 | head_ms mean=0.17 p95=0.21

=== perpatch_tinyhead (perpatch_tinyhead) ===
/Users/mark/code/semantic-autogaze/scripts/criterion_bootstrap/audit_all.py:102: UserWarning: enable_nested_tensor is True, but self.use_nested_tensor is False because encoder_layer.norm_first was True
  self.transformer = nn.TransformerEncoder(layer, num_layers=n_layers)
  perpatch_tinyhead: 1W/18L/1T = (W+T)/n = 2/20 | head_ms mean=0.65 p95=1.47

=== upscale_28 (filter_head_upscale) ===
  upscale_28: 0W/19L/1T = (W+T)/n = 1/20 | head_ms mean=0.43 p95=0.56

=== deep_finetune (deep_finetune) ===
  deep_finetune: 0W/19L/1T = (W+T)/n = 1/20 | head_ms mean=3.31 p95=3.62

=== teacher_mse (filter_head) ===
  teacher_mse: 0W/19L/1T = (W+T)/n = 1/20 | head_ms mean=0.17 p95=0.22

[done] wrote results/criterion_bootstrap/audit_all.json

=== SUMMARY ===
head                      W+T/n    head_ms   clears ≥6/20    clears ≤5ms
frozen_cycle1            2/20       0.04ms            no           YES
frozen_cycle2            1/20       0.05ms            no           YES
filter_attn              1/20       0.17ms            no           YES
perpatch_tinyhead        2/20       0.65ms            no           YES
upscale_28               1/20       0.43ms            no           YES
deep_finetune            1/20       3.31ms            no           YES
teacher_mse              1/20       0.17ms            no           YES
